#
# A fatal error has been detected by the Java Runtime Environment:
#
#  EXCEPTION_ACCESS_VIOLATION (0xc0000005) at pc=0x00007ffae9353db1, pid=6832, tid=2588
#
# JRE version: Java(TM) SE Runtime Environment (9.0+11) (build 9.0.4+11)
# Java VM: Java HotSpot(TM) 64-Bit Server VM (9.0.4+11, mixed mode, tiered, compressed oops, g1 gc, windows-amd64)
# Problematic frame:
# C  0x00007ffae9353db1
#
# No core dump will be written. Minidumps are not enabled by default on client versions of Windows
#
# If you would like to submit a bug report, please visit:
#   http://bugreport.java.com/bugreport/crash.jsp
# The crash happened outside the Java Virtual Machine in native code.
# See problematic frame for where to report the bug.
#

---------------  S U M M A R Y ------------

Command Line: -Dsun.java2d.pmoffscreen=false -Dsun.java2d.xrender=false -Dsun.java2d.d3d=false -Dsun.awt.nopixfmt=true -Dsun.java2d.dpiaware=true -Dsun.java2d.uiScale.enabled=false -Xverify:none -Dswing.aatext=true -XX:-UsePerfData -Djdk.map.althashing.threshold=512 -XX:StringTableSize=4072 --add-opens=java.base/java.nio=ALL-UNNAMED --add-opens=java.desktop/sun.swing=ALL-UNNAMED --add-opens=java.desktop/javax.swing=ALL-UNNAMED --add-opens=java.desktop/javax.swing.tree=ALL-UNNAMED --add-opens=java.desktop/javax.swing.plaf.basic=ALL-UNNAMED --add-opens=java.desktop/javax.swing.plaf.synth=ALL-UNNAMED --add-opens=java.desktop/com.sun.awt=ALL-UNNAMED -XX:NewSize=60m -XX:MaxNewSize=60m -Xms128m -Xmx3072m -Xss5m 

Host: Intel(R) Core(TM) i7-10750H CPU @ 2.60GHz, 12 cores, 15G,  Windows 10 , 64 bit Build 22621 (10.0.22621.3374)
Time: Tue Apr 16 12:53:03 2024 Eastern Daylight Time elapsed time: 1107 seconds (0d 0h 18m 27s)

---------------  T H R E A D  ---------------

Current thread (0x000001f1fe922800):  JavaThread "AWT-EventQueue-1" [_thread_in_native, id=2588, stack(0x0000006823700000,0x0000006823c00000)]

Stack: [0x0000006823700000,0x0000006823c00000],  sp=0x0000006823bf6f00,  free space=5083k
Native frames: (J=compiled Java code, j=interpreted, Vv=VM code, C=native code)

Java frames: (J=compiled Java code, j=interpreted, Vv=VM code)
J 19127  ui.data.labtools.lthwdatai.HWDevice_getStatus(J)Ljava/lang/String; (0 bytes) @ 0x000001f1ecfe8b21 [0x000001f1ecfe8ae0+0x0000000000000041]
j  ui.data.labtools.d.cH()Ljava/lang/String;+4
j  ui.b.t.ag.cTv()V+70
j  ui.b.t.ag.av(Lui/data/bh;)V+13
j  ui.b.c.bL.ax(Lui/data/bh;)V+7
j  ui.b.c.bl.ax(Lui/data/bh;)V+35
j  ui.views.cz.ax(Lui/data/bh;)V+5
j  ui.views.cz.display()V+107
j  ui.views.cz.fhz()V+52
j  ui.views.bD.ffM()V+1
j  ui.views.bD$$Lambda$290.run()V+4
J 14134 c2 java.awt.EventQueue$3.run()Ljava/lang/Object; java.desktop@9.0.4 (5 bytes) @ 0x000001f1ec9bde78 [0x000001f1ec9bd680+0x00000000000007f8]
v  ~StubRoutines::call_stub
J 3812  java.security.AccessController.doPrivileged(Ljava/security/PrivilegedAction;Ljava/security/AccessControlContext;)Ljava/lang/Object; java.base@9.0.4 (0 bytes) @ 0x000001f1ebfd8146 [0x000001f1ebfd80e0+0x0000000000000066]
J 14080 c2 ui.frmwork.b.d.dispatchEvent(Ljava/awt/AWTEvent;)V (34 bytes) @ 0x000001f1ec991200 [0x000001f1ec990be0+0x0000000000000620]
J 14466 c2 java.awt.EventDispatchThread.pumpOneEventForFilters(I)V java.desktop@9.0.4 (218 bytes) @ 0x000001f1ebf01dc8 [0x000001f1ebf01a80+0x0000000000000348]
j  java.awt.EventDispatchThread.pumpEventsForFilter(ILjava/awt/Conditional;Ljava/awt/EventFilter;)V+35 java.desktop@9.0.4
j  java.awt.EventDispatchThread.pumpEventsForFilter(Ljava/awt/Conditional;Ljava/awt/EventFilter;)V+4 java.desktop@9.0.4
j  java.awt.WaitDispatchSupport$2.run()V+59 java.desktop@9.0.4
j  java.awt.WaitDispatchSupport$4.run()Ljava/lang/Void;+4 java.desktop@9.0.4
j  java.awt.WaitDispatchSupport$4.run()Ljava/lang/Object;+1 java.desktop@9.0.4
v  ~StubRoutines::call_stub
J 1033  java.security.AccessController.doPrivileged(Ljava/security/PrivilegedAction;)Ljava/lang/Object; java.base@9.0.4 (0 bytes) @ 0x000001f1ebe2c6b2 [0x000001f1ebe2c660+0x0000000000000052]
j  java.awt.WaitDispatchSupport.enter()Z+260 java.desktop@9.0.4
j  java.awt.Dialog.show()V+225 java.desktop@9.0.4
J 9293 c1 java.awt.Component.setVisible(Z)V java.desktop@9.0.4 (6 bytes) @ 0x000001f1e4baae4c [0x000001f1e4baac60+0x00000000000001ec]
j  java.awt.Window.setVisible(Z)V+2 java.desktop@9.0.4
j  java.awt.Dialog.setVisible(Z)V+2 java.desktop@9.0.4
j  ui.b.c.g.setVisible(Z)V+2
j  ui.b.c.by.showDialog()V+64
j  ui.b.c.bF.actionPerformed(Ljava/awt/event/ActionEvent;)V+8
j  ui.b.c.by.cJI()V+396
j  ui.views.c.t.b.f.run()V+4
j  ui.views.S.X.a(Ljava/lang/String;ZLjava/lang/Runnable;Ljava/lang/Runnable;)Z+252
j  ui.views.S.X.a(Ljava/lang/String;Ljava/lang/Runnable;Ljava/lang/Runnable;)Z+5
j  ui.views.S.X.b(Ljava/lang/String;Ljava/lang/Runnable;)Z+4
j  ui.views.c.t.b.d.b(Lui/data/design/C;Ljava/lang/String;Ljava/lang/String;)V+472
j  ui.views.c.t.b.d.C(Lui/data/design/C;)V+6
j  ui.views.c.t.b.d.D(Lui/data/design/C;)V+130
j  ui.views.c.t.b.d.run()V+249
j  ui.frmwork.a.dWF()Z+66
j  ui.utils.aN.actionPerformed(Ljava/awt/event/ActionEvent;)V+4
j  javax.swing.AbstractButton.fireActionPerformed(Ljava/awt/event/ActionEvent;)V+84 java.desktop@9.0.4
j  javax.swing.AbstractButton$Handler.actionPerformed(Ljava/awt/event/ActionEvent;)V+5 java.desktop@9.0.4
j  javax.swing.DefaultButtonModel.fireActionPerformed(Ljava/awt/event/ActionEvent;)V+34 java.desktop@9.0.4
j  javax.swing.DefaultButtonModel.setPressed(Z)V+117 java.desktop@9.0.4
j  javax.swing.AbstractButton.doClick(I)V+60 java.desktop@9.0.4
j  javax.swing.plaf.basic.BasicMenuItemUI.doClick(Ljavax/swing/MenuSelectionManager;)V+47 java.desktop@9.0.4
j  javax.swing.plaf.basic.BasicMenuItemUI$Handler.mouseReleased(Ljava/awt/event/MouseEvent;)V+76 java.desktop@9.0.4
j  java.awt.AWTEventMulticaster.mouseReleased(Ljava/awt/event/MouseEvent;)V+8 java.desktop@9.0.4
j  java.awt.AWTEventMulticaster.mouseReleased(Ljava/awt/event/MouseEvent;)V+8 java.desktop@9.0.4
J 17178 c1 java.awt.Component.processMouseEvent(Ljava/awt/event/MouseEvent;)V java.desktop@9.0.4 (100 bytes) @ 0x000001f1e5ea6ab4 [0x000001f1e5ea6720+0x0000000000000394]
J 17177 c1 javax.swing.JComponent.processMouseEvent(Ljava/awt/event/MouseEvent;)V java.desktop@9.0.4 (27 bytes) @ 0x000001f1e5ea736c [0x000001f1e5ea7160+0x000000000000020c]
J 18875 c2 java.awt.Container.processEvent(Ljava/awt/AWTEvent;)V java.desktop@9.0.4 (22 bytes) @ 0x000001f1ecf75258 [0x000001f1ecf750c0+0x0000000000000198]
J 18643 c2 java.awt.Component.dispatchEventImpl(Ljava/awt/AWTEvent;)V java.desktop@9.0.4 (739 bytes) @ 0x000001f1ecf1f640 [0x000001f1ecf1e2a0+0x00000000000013a0]
J 14470 c2 java.awt.Container.dispatchEventImpl(Ljava/awt/AWTEvent;)V java.desktop@9.0.4 (129 bytes) @ 0x000001f1ebf00618 [0x000001f1ebf005c0+0x0000000000000058]
J 16743 c2 java.awt.LightweightDispatcher.retargetMouseEvent(Ljava/awt/Component;ILjava/awt/event/MouseEvent;)V java.desktop@9.0.4 (350 bytes) @ 0x000001f1ecb3ae08 [0x000001f1ecb3a8a0+0x0000000000000568]
J 19195 c2 java.awt.LightweightDispatcher.processMouseEvent(Ljava/awt/event/MouseEvent;)Z java.desktop@9.0.4 (265 bytes) @ 0x000001f1ed022798 [0x000001f1ed022120+0x0000000000000678]
J 14470 c2 java.awt.Container.dispatchEventImpl(Ljava/awt/AWTEvent;)V java.desktop@9.0.4 (129 bytes) @ 0x000001f1ebf009b4 [0x000001f1ebf005c0+0x00000000000003f4]
J 19147 c2 java.awt.Window.dispatchEventImpl(Ljava/awt/AWTEvent;)V java.desktop@9.0.4 (23 bytes) @ 0x000001f1ed00d08c [0x000001f1ed00d040+0x000000000000004c]
J 14134 c2 java.awt.EventQueue$3.run()Ljava/lang/Object; java.desktop@9.0.4 (5 bytes) @ 0x000001f1ec9bdc6c [0x000001f1ec9bd680+0x00000000000005ec]
v  ~StubRoutines::call_stub
J 3812  java.security.AccessController.doPrivileged(Ljava/security/PrivilegedAction;Ljava/security/AccessControlContext;)Ljava/lang/Object; java.base@9.0.4 (0 bytes) @ 0x000001f1ebfd8146 [0x000001f1ebfd80e0+0x0000000000000066]
J 17759 c2 java.awt.EventQueue$4.run()Ljava/lang/Object; java.desktop@9.0.4 (5 bytes) @ 0x000001f1ecd107b4 [0x000001f1ecd10560+0x0000000000000254]
v  ~StubRoutines::call_stub
J 3812  java.security.AccessController.doPrivileged(Ljava/security/PrivilegedAction;Ljava/security/AccessControlContext;)Ljava/lang/Object; java.base@9.0.4 (0 bytes) @ 0x000001f1ebfd8146 [0x000001f1ebfd80e0+0x0000000000000066]
J 14080 c2 ui.frmwork.b.d.dispatchEvent(Ljava/awt/AWTEvent;)V (34 bytes) @ 0x000001f1ec991014 [0x000001f1ec990be0+0x0000000000000434]
J 14466 c2 java.awt.EventDispatchThread.pumpOneEventForFilters(I)V java.desktop@9.0.4 (218 bytes) @ 0x000001f1ebf01dc8 [0x000001f1ebf01a80+0x0000000000000348]
j  java.awt.EventDispatchThread.pumpEventsForFilter(ILjava/awt/Conditional;Ljava/awt/EventFilter;)V+35 java.desktop@9.0.4
j  java.awt.EventDispatchThread.pumpEventsForHierarchy(ILjava/awt/Conditional;Ljava/awt/Component;)V+11 java.desktop@9.0.4
j  java.awt.EventDispatchThread.pumpEvents(ILjava/awt/Conditional;)V+4 java.desktop@9.0.4
j  java.awt.EventDispatchThread.pumpEvents(Ljava/awt/Conditional;)V+3 java.desktop@9.0.4
j  java.awt.EventDispatchThread.run()V+9 java.desktop@9.0.4
v  ~StubRoutines::call_stub

siginfo: EXCEPTION_ACCESS_VIOLATION (0xc0000005), reading address 0xffffffffffffffff


Register to memory mapping:

RIP=0x00007ffae9353db1 is an unknown value
RAX=0x0000006823bf6f98 is pointing into the stack for thread: 0x000001f1fe922800
RBX=0x000001f1d85e3bb0 is an unknown value
RCX=0x000001f1885c77b0 is an unknown value
RDX=0x000000000000002e is an unknown value
RSP=0x0000006823bf6f00 is pointing into the stack for thread: 0x000001f1fe922800
RBP=0x0000000000000000 is an unknown value
RSI=0x000001f1885c77b0 is an unknown value
RDI=0x36705c3631334545 is an unknown value
R8 =0x0000000000000000 is an unknown value
R9 =0x0000000000000000 is an unknown value
R10=0x0000000000000003 is an unknown value
R11=0x0000006823bf6ef0 is pointing into the stack for thread: 0x000001f1fe922800
R12=0x0000000000000000 is an unknown value
R13=0x0000006823bf7160 is pointing into the stack for thread: 0x000001f1fe922800
R14=0x0000000000000000 is an unknown value
R15=0x000001f1fe922800 is a thread


Registers:
RAX=0x0000006823bf6f98, RBX=0x000001f1d85e3bb0, RCX=0x000001f1885c77b0, RDX=0x000000000000002e
RSP=0x0000006823bf6f00, RBP=0x0000000000000000, RSI=0x000001f1885c77b0, RDI=0x36705c3631334545
R8 =0x0000000000000000, R9 =0x0000000000000000, R10=0x0000000000000003, R11=0x0000006823bf6ef0
R12=0x0000000000000000, R13=0x0000006823bf7160, R14=0x0000000000000000, R15=0x000001f1fe922800
RIP=0x00007ffae9353db1, EFLAGS=0x0000000000010206

Top of Stack: (sp=0x0000006823bf6f00)
0x0000006823bf6f00:   0000006823bf6f98 0000006823bf6f98
0x0000006823bf6f10:   0000006823bf7140 000001f1fe922a18
0x0000006823bf6f20:   fffffffffffffffe 00656c62616d6d61
0x0000006823bf6f30:   0000000000000000 000001f18a3c4150
0x0000006823bf6f40:   000001f1fe922a18 00007ffae9393aad
0x0000006823bf6f50:   000001f18a3c4150 00007ffa0000002e
0x0000006823bf6f60:   0000006823bf7140 000001f1ec181adc
0x0000006823bf6f70:   fffffffffffffffe 000001f1ec29096c
0x0000006823bf6f80:   0000006823bf7050 00007ffaeb853028
0x0000006823bf6f90:   000000680000002e 000001f10000002e
0x0000006823bf6fa0:   0000000705b3e5d8 e01470d600000000
0x0000006823bf6fb0:   0000000700000001 fffffffffffffffe
0x0000006823bf6fc0:   0000000700c56498 00007ffaeba96c57
0x0000006823bf6fd0:   000001f18b37a3b0 0000006823bf7050
0x0000006823bf6fe0:   00000007c00d6da8 0000000705b3d8e8
0x0000006823bf6ff0:   000001f1fe922a18 fffffffffffffffe 

Instructions: (pc=0x00007ffae9353db1)
0x00007ffae9353d91:   fe ff ff ff 48 89 5c 24 50 48 89 6c 24 60 41 0f
0x00007ffae9353da1:   b6 e9 45 8b f0 48 8b f1 48 8b 59 08 48 8b 7b 08
0x00007ffae9353db1:   80 7f 19 00 75 2d 66 0f 1f 84 00 00 00 00 00 48
0x00007ffae9353dc1:   8d 4f 20 48 8d 54 24 58 e8 92 aa ff ff 84 c0 74 



---------------  P R O C E S S  ---------------

Java Threads: ( => current thread )
  0x000001f183f38800 JavaThread "Run Simulation" [_thread_blocked, id=7596, stack(0x0000006828a00000,0x0000006828f00000)]
  0x000001f183f37000 JavaThread "Thread-538" [_thread_in_native, id=26632, stack(0x000000681b900000,0x000000681ba00000)]
  0x000001f183f2f800 JavaThread "Monitor File Timestamp Swing Worker" [_thread_blocked, id=10564, stack(0x0000006828000000,0x0000006828500000)]
  0x000001f183f36800 JavaThread "Timer-1" [_thread_blocked, id=6488, stack(0x0000006827b00000,0x0000006828000000)]
  0x000001f183f2f000 JavaThread "Image Animator 0" daemon [_thread_blocked, id=28508, stack(0x0000006828500000,0x0000006828a00000)]
  0x000001f183f32800 JavaThread "Monitor File Timestamp Swing Worker" [_thread_blocked, id=26300, stack(0x0000006827100000,0x0000006827600000)]
  0x000001f183f31000 JavaThread "Timer-0" [_thread_blocked, id=22348, stack(0x0000006826c00000,0x0000006827100000)]
  0x000001f183f33800 JavaThread "SyntheticaAnimation 50" daemon [_thread_blocked, id=20908, stack(0x0000006826700000,0x0000006826c00000)]
  0x000001f183f2c000 JavaThread "Update Runs Swing Worker" [_thread_blocked, id=27476, stack(0x0000006827600000,0x0000006827b00000)]
  0x000001f183f2b000 JavaThread "hw_ila_monitor" [_thread_blocked, id=16640, stack(0x0000006826200000,0x0000006826700000)]
  0x000001f183f2d800 JavaThread "Refresh Filesets Swing Worker" [_thread_blocked, id=1424, stack(0x0000006823c00000,0x0000006824100000)]
  0x000001f183f30800 JavaThread "SyntheticaAnimation 70" daemon [_thread_blocked, id=14396, stack(0x0000006825d00000,0x0000006826200000)]
  0x000001f183f32000 JavaThread "SyntheticaAnimation 25" daemon [_thread_blocked, id=12220, stack(0x0000006825300000,0x0000006825800000)]
  0x000001f1fe93c800 JavaThread "SyntheticaAnimation 50" daemon [_thread_blocked, id=23996, stack(0x0000006824e00000,0x0000006825300000)]
  0x000001f1fe93f800 JavaThread "Monitor HEventQueue" [_thread_blocked, id=5376, stack(0x0000006824900000,0x0000006824e00000)]
  0x000001f1fe93e800 JavaThread "SyntheticaCleanerThread" daemon [_thread_blocked, id=17992, stack(0x0000006824100000,0x0000006824600000)]
  0x000001f1fe93e000 JavaThread "Batik CleanerThread" daemon [_thread_blocked, id=23112, stack(0x0000006822d00000,0x0000006823200000)]
=>0x000001f1fe922800 JavaThread "AWT-EventQueue-1" [_thread_in_native, id=2588, stack(0x0000006823700000,0x0000006823c00000)]
  0x000001f1febf8000 JavaThread "Process Messages" [_thread_blocked, id=13500, stack(0x0000006823200000,0x0000006823700000)]
  0x000001f1dac8e000 JavaThread "Thread-1" [_thread_in_native, id=19016, stack(0x000000681bb00000,0x000000681cf00000)]
  0x000001f1dad33000 JavaThread "TimerQueue" daemon [_thread_blocked, id=13456, stack(0x0000006822300000,0x0000006822800000)]
  0x000001f1daa1c800 JavaThread "AWT-Windows" daemon [_thread_in_native, id=14928, stack(0x0000006821e00000,0x0000006822300000)]
  0x000001f1da609800 JavaThread "AWT-Shutdown" [_thread_blocked, id=6264, stack(0x0000006821900000,0x0000006821e00000)]
  0x000001f1dab72000 JavaThread "Java2D Disposer" daemon [_thread_blocked, id=1648, stack(0x0000006821400000,0x0000006821900000)]
  0x000001f1d843e000 JavaThread "Service Thread" daemon [_thread_blocked, id=21448, stack(0x0000006820e00000,0x0000006821300000)]
  0x000001f1dcb42800 JavaThread "Common-Cleaner" daemon [_thread_blocked, id=8648, stack(0x0000006820900000,0x0000006820e00000)]
  0x000001f1dcb2f800 JavaThread "Sweeper thread" daemon [_thread_blocked, id=21268, stack(0x0000006820400000,0x0000006820900000)]
  0x000001f1dcb29000 JavaThread "C1 CompilerThread3" daemon [_thread_blocked, id=10500, stack(0x0000006820300000,0x0000006820400000)]
  0x000001f1dcb28800 JavaThread "C2 CompilerThread2" daemon [_thread_blocked, id=22140, stack(0x0000006820200000,0x0000006820300000)]
  0x000001f1dcb26800 JavaThread "C2 CompilerThread1" daemon [_thread_blocked, id=20420, stack(0x0000006820100000,0x0000006820200000)]
  0x000001f1dcb25800 JavaThread "C2 CompilerThread0" daemon [_thread_blocked, id=26756, stack(0x0000006820000000,0x0000006820100000)]
  0x000001f1dcb25000 JavaThread "Attach Listener" daemon [_thread_blocked, id=6892, stack(0x000000681fb00000,0x0000006820000000)]
  0x000001f1dcb24000 JavaThread "Signal Dispatcher" daemon [_thread_blocked, id=7240, stack(0x000000681f600000,0x000000681fb00000)]
  0x000001f1dcb0f800 JavaThread "Finalizer" daemon [_thread_blocked, id=26796, stack(0x000000681f100000,0x000000681f600000)]
  0x000001f1dd35d800 JavaThread "Reference Handler" daemon [_thread_blocked, id=6004, stack(0x000000681ec00000,0x000000681f100000)]
  0x000001f1dd389800 JavaThread "main" [_thread_blocked, id=18672, stack(0x000000681ba00000,0x000000681bb00000)]

Other Threads:
  0x000001f1dd34b800 VMThread "VM Thread" [stack: 0x000000681eb00000,0x000000681ec00000] [id=9820]
  0x000001f1d843f800 WatcherThread [stack: 0x0000006821300000,0x0000006821400000] [id=2264]
  0x000001f1d61c7800 GCTaskThread "GC Thread#0" [stack: 0x000000681d200000,0x000000681d300000] [id=14572]
  0x000001f1d37e7800 GCTaskThread "GC Thread#1" [stack: 0x000000681d300000,0x000000681d400000] [id=20468]
  0x000001f1dd1ba800 GCTaskThread "GC Thread#2" [stack: 0x000000681d400000,0x000000681d500000] [id=20396]
  0x000001f1d99f7000 GCTaskThread "GC Thread#3" [stack: 0x000000681d500000,0x000000681d600000] [id=16792]
  0x000001f1dd1e4800 GCTaskThread "GC Thread#4" [stack: 0x000000681d600000,0x000000681d700000] [id=5220]
  0x000001f1d5953800 GCTaskThread "GC Thread#5" [stack: 0x000000681d700000,0x000000681d800000] [id=13604]
  0x000001f1d5954000 GCTaskThread "GC Thread#6" [stack: 0x000000681d800000,0x000000681d900000] [id=19504]
  0x000001f1d9781000 GCTaskThread "GC Thread#7" [stack: 0x000000681d900000,0x000000681da00000] [id=25176]
  0x000001f1dd321000 GCTaskThread "GC Thread#8" [stack: 0x000000681da00000,0x000000681db00000] [id=21020]
  0x000001f1d5c8e000 GCTaskThread "GC Thread#9" [stack: 0x000000681db00000,0x000000681dc00000] [id=9088]
  0x000001f1dd497000 ConcurrentGCThread "G1 Main Marker" [stack: 0x000000681e700000,0x000000681e800000] [id=12200]
  0x000001f1dd497800 ConcurrentGCThread "G1 Marker#0" [stack: 0x000000681e800000,0x000000681e900000] [id=13020]
  0x000001f1d82ef800 ConcurrentGCThread "G1 Marker#1" [stack: 0x000000681e900000,0x000000681ea00000] [id=20280]
  0x000001f1d82f0000 ConcurrentGCThread "G1 Marker#2" [stack: 0x000000681ea00000,0x000000681eb00000] [id=11032]
  0x000001f1dd481800 ConcurrentGCThread "G1 Refine#0" [stack: 0x000000681e500000,0x000000681e600000] [id=10472]
  0x000001f1dd29f800 ConcurrentGCThread "G1 Refine#1" [stack: 0x000000681e400000,0x000000681e500000] [id=18172]
  0x000001f1dd29f000 ConcurrentGCThread "G1 Refine#2" [stack: 0x000000681e300000,0x000000681e400000] [id=10880]
  0x000001f1dd29c000 ConcurrentGCThread "G1 Refine#3" [stack: 0x000000681e200000,0x000000681e300000] [id=12856]
  0x000001f1dd29b800 ConcurrentGCThread "G1 Refine#4" [stack: 0x000000681e100000,0x000000681e200000] [id=12968]
  0x000001f1dd78e000 ConcurrentGCThread "G1 Refine#5" [stack: 0x000000681e000000,0x000000681e100000] [id=8920]
  0x000001f1dd78d800 ConcurrentGCThread "G1 Refine#6" [stack: 0x000000681df00000,0x000000681e000000] [id=21548]
  0x000001f1dcaa2800 ConcurrentGCThread "G1 Refine#7" [stack: 0x000000681de00000,0x000000681df00000] [id=16164]
  0x000001f1d9a9c800 ConcurrentGCThread "G1 Refine#8" [stack: 0x000000681dd00000,0x000000681de00000] [id=6092]
  0x000001f1d9a95000 ConcurrentGCThread "G1 Refine#9" [stack: 0x000000681dc00000,0x000000681dd00000] [id=14348]
  0x000001f1dd483800 ConcurrentGCThread "G1 Young RemSet Sampling" [stack: 0x000000681e600000,0x000000681e700000] [id=24172]

Threads with active compile tasks:

VM state:not at safepoint (normal execution)

VM Mutex/Monitor currently owned by a thread: None

Heap address: 0x0000000700000000, size: 3072 MB, Compressed Oops mode: Zero based, Oop shift amount: 3
Narrow klass base: 0x0000000000000000, Narrow klass shift: 3
Compressed class space size: 1073741824 Address: 0x00000007c0000000

Heap:
 garbage-first heap   total 189440K, used 111812K [0x0000000700000000, 0x00000007001005c8, 0x00000007c0000000)
  region size 1024K, 16 young (16384K), 1 survivors (1024K)
 Metaspace       used 90269K, capacity 96169K, committed 96512K, reserved 1132544K
  class space    used 12677K, capacity 13707K, committed 13824K, reserved 1048576K
Heap Regions: E=young(eden), S=young(survivor), O=old, HS=humongous(starts), HC=humongous(continues), CS=collection set, F=free, A=archive, TS=gc time stamp, AC=allocation context, TAMS=top-at-mark-start (previous, next)
|   0|0x0000000700000000, 0x0000000700100000, 0x0000000700100000|100%|HS|  |TS  0|AC  0|TAMS 0x0000000700100000, 0x0000000700100000|
|   1|0x0000000700100000, 0x0000000700200000, 0x0000000700200000|100%|HC|  |TS  0|AC  0|TAMS 0x0000000700200000, 0x0000000700200000|
|   2|0x0000000700200000, 0x0000000700300000, 0x0000000700300000|100%|HS|  |TS  0|AC  0|TAMS 0x0000000700300000, 0x0000000700300000|
|   3|0x0000000700300000, 0x00000007003fc5d8, 0x0000000700400000| 98%| O|  |TS  0|AC  0|TAMS 0x00000007003fc5d8, 0x00000007003fc5d8|
|   4|0x0000000700400000, 0x00000007004ffff0, 0x0000000700500000| 99%| O|  |TS  0|AC  0|TAMS 0x00000007004ffff0, 0x00000007004ffff0|
|   5|0x0000000700500000, 0x0000000700600000, 0x0000000700600000|100%| O|  |TS  0|AC  0|TAMS 0x0000000700600000, 0x0000000700600000|
|   6|0x0000000700600000, 0x00000007006ffff0, 0x0000000700700000| 99%| O|  |TS  0|AC  0|TAMS 0x00000007006ffff0, 0x00000007006ffff0|
|   7|0x0000000700700000, 0x00000007007ffff8, 0x0000000700800000| 99%| O|  |TS  0|AC  0|TAMS 0x00000007007ffff8, 0x00000007007ffff8|
|   8|0x0000000700800000, 0x0000000700900000, 0x0000000700900000|100%| O|  |TS  0|AC  0|TAMS 0x0000000700900000, 0x0000000700900000|
|   9|0x0000000700900000, 0x00000007009fffe8, 0x0000000700a00000| 99%| O|  |TS  0|AC  0|TAMS 0x00000007009fffe8, 0x00000007009fffe8|
|  10|0x0000000700a00000, 0x0000000700affff0, 0x0000000700b00000| 99%| O|  |TS  0|AC  0|TAMS 0x0000000700affff0, 0x0000000700affff0|
|  11|0x0000000700b00000, 0x0000000700bfffe8, 0x0000000700c00000| 99%| O|  |TS  0|AC  0|TAMS 0x0000000700bfffe8, 0x0000000700bfffe8|
|  12|0x0000000700c00000, 0x0000000700cfb850, 0x0000000700d00000| 98%| O|  |TS  0|AC  0|TAMS 0x0000000700cfb850, 0x0000000700cfb850|
|  13|0x0000000700d00000, 0x0000000700dff918, 0x0000000700e00000| 99%| O|  |TS  0|AC  0|TAMS 0x0000000700dff918, 0x0000000700dff918|
|  14|0x0000000700e00000, 0x0000000700efe670, 0x0000000700f00000| 99%| O|  |TS  0|AC  0|TAMS 0x0000000700efe670, 0x0000000700efe670|
|  15|0x0000000700f00000, 0x0000000700ffffe0, 0x0000000701000000| 99%| O|  |TS  0|AC  0|TAMS 0x0000000700ffffe0, 0x0000000700ffffe0|
|  16|0x0000000701000000, 0x00000007010fdbd0, 0x0000000701100000| 99%| O|  |TS  0|AC  0|TAMS 0x00000007010fdbd0, 0x00000007010fdbd0|
|  17|0x0000000701100000, 0x00000007011ffff8, 0x0000000701200000| 99%| O|  |TS  0|AC  0|TAMS 0x00000007011ffff8, 0x00000007011ffff8|
|  18|0x0000000701200000, 0x00000007012ffff8, 0x0000000701300000| 99%| O|  |TS  0|AC  0|TAMS 0x00000007012ffff8, 0x00000007012ffff8|
|  19|0x0000000701300000, 0x00000007013fffe8, 0x0000000701400000| 99%| O|  |TS  0|AC  0|TAMS 0x00000007013fffe8, 0x00000007013fffe8|
|  20|0x0000000701400000, 0x00000007014ffff0, 0x0000000701500000| 99%| O|  |TS  0|AC  0|TAMS 0x00000007014ffff0, 0x00000007014ffff0|
|  21|0x0000000701500000, 0x0000000701600000, 0x0000000701600000|100%|HS|  |TS  0|AC  0|TAMS 0x0000000701600000, 0x0000000701600000|
|  22|0x0000000701600000, 0x00000007016fd7f8, 0x0000000701700000| 99%| O|  |TS  0|AC  0|TAMS 0x00000007016fd7f8, 0x00000007016fd7f8|
|  23|0x0000000701700000, 0x00000007017feff8, 0x0000000701800000| 99%| O|  |TS  0|AC  0|TAMS 0x00000007017feff8, 0x00000007017feff8|
|  24|0x0000000701800000, 0x00000007018ffff8, 0x0000000701900000| 99%| O|  |TS  0|AC  0|TAMS 0x00000007018ffff8, 0x00000007018ffff8|
|  25|0x0000000701900000, 0x00000007019ffff8, 0x0000000701a00000| 99%| O|  |TS  0|AC  0|TAMS 0x00000007019ffff8, 0x00000007019ffff8|
|  26|0x0000000701a00000, 0x0000000701afffd0, 0x0000000701b00000| 99%| O|  |TS  0|AC  0|TAMS 0x0000000701afffd0, 0x0000000701afffd0|
|  27|0x0000000701b00000, 0x0000000701bffdf8, 0x0000000701c00000| 99%| O|  |TS  0|AC  0|TAMS 0x0000000701bffdf8, 0x0000000701bffdf8|
|  28|0x0000000701c00000, 0x0000000701cffff8, 0x0000000701d00000| 99%| O|  |TS  0|AC  0|TAMS 0x0000000701cffff8, 0x0000000701cffff8|
|  29|0x0000000701d00000, 0x0000000701dffff0, 0x0000000701e00000| 99%| O|  |TS  0|AC  0|TAMS 0x0000000701dffff0, 0x0000000701dffff0|
|  30|0x0000000701e00000, 0x0000000701effff8, 0x0000000701f00000| 99%| O|  |TS  0|AC  0|TAMS 0x0000000701effff8, 0x0000000701effff8|
|  31|0x0000000701f00000, 0x0000000702000000, 0x0000000702000000|100%| O|  |TS  0|AC  0|TAMS 0x0000000702000000, 0x0000000702000000|
|  32|0x0000000702000000, 0x00000007020fffd8, 0x0000000702100000| 99%| O|  |TS  0|AC  0|TAMS 0x00000007020fffd8, 0x00000007020fffd8|
|  33|0x0000000702100000, 0x00000007021ffff8, 0x0000000702200000| 99%| O|  |TS  0|AC  0|TAMS 0x00000007021ffff8, 0x00000007021ffff8|
|  34|0x0000000702200000, 0x00000007022fffd8, 0x0000000702300000| 99%| O|  |TS  0|AC  0|TAMS 0x00000007022fffd8, 0x00000007022fffd8|
|  35|0x0000000702300000, 0x00000007023fffe8, 0x0000000702400000| 99%| O|  |TS  0|AC  0|TAMS 0x00000007023fffe8, 0x00000007023fffe8|
|  36|0x0000000702400000, 0x00000007024ffff8, 0x0000000702500000| 99%| O|  |TS  0|AC  0|TAMS 0x00000007024ffff8, 0x00000007024ffff8|
|  37|0x0000000702500000, 0x00000007025fffe8, 0x0000000702600000| 99%| O|  |TS  0|AC  0|TAMS 0x00000007025fffe8, 0x00000007025fffe8|
|  38|0x0000000702600000, 0x00000007026ffff8, 0x0000000702700000| 99%| O|  |TS  0|AC  0|TAMS 0x00000007026ffff8, 0x00000007026ffff8|
|  39|0x0000000702700000, 0x0000000702800000, 0x0000000702800000|100%| O|  |TS  0|AC  0|TAMS 0x0000000702800000, 0x0000000702800000|
|  40|0x0000000702800000, 0x00000007028ffff8, 0x0000000702900000| 99%| O|  |TS  0|AC  0|TAMS 0x00000007028ffff8, 0x00000007028ffff8|
|  41|0x0000000702900000, 0x0000000702a00000, 0x0000000702a00000|100%| O|  |TS  0|AC  0|TAMS 0x0000000702a00000, 0x0000000702a00000|
|  42|0x0000000702a00000, 0x0000000702b00000, 0x0000000702b00000|100%| O|  |TS  0|AC  0|TAMS 0x0000000702b00000, 0x0000000702b00000|
|  43|0x0000000702b00000, 0x0000000702c00000, 0x0000000702c00000|100%|HS|  |TS  0|AC  0|TAMS 0x0000000702c00000, 0x0000000702c00000|
|  44|0x0000000702c00000, 0x0000000702d00000, 0x0000000702d00000|100%|HC|  |TS  0|AC  0|TAMS 0x0000000702d00000, 0x0000000702d00000|
|  45|0x0000000702d00000, 0x0000000702e00000, 0x0000000702e00000|100%|HC|  |TS  0|AC  0|TAMS 0x0000000702e00000, 0x0000000702e00000|
|  46|0x0000000702e00000, 0x0000000702f00000, 0x0000000702f00000|100%|HC|  |TS  0|AC  0|TAMS 0x0000000702f00000, 0x0000000702f00000|
|  47|0x0000000702f00000, 0x0000000703000000, 0x0000000703000000|100%|HC|  |TS  0|AC  0|TAMS 0x0000000703000000, 0x0000000703000000|
|  48|0x0000000703000000, 0x0000000703100000, 0x0000000703100000|100%|HC|  |TS  0|AC  0|TAMS 0x0000000703100000, 0x0000000703100000|
|  49|0x0000000703100000, 0x0000000703200000, 0x0000000703200000|100%|HC|  |TS  0|AC  0|TAMS 0x0000000703200000, 0x0000000703200000|
|  50|0x0000000703200000, 0x0000000703300000, 0x0000000703300000|100%|HC|  |TS  0|AC  0|TAMS 0x0000000703300000, 0x0000000703300000|
|  51|0x0000000703300000, 0x0000000703400000, 0x0000000703400000|100%| O|  |TS  0|AC  0|TAMS 0x0000000703400000, 0x0000000703400000|
|  52|0x0000000703400000, 0x00000007034ffff8, 0x0000000703500000| 99%| O|  |TS  0|AC  0|TAMS 0x00000007034ffff8, 0x00000007034ffff8|
|  53|0x0000000703500000, 0x00000007035fffe8, 0x0000000703600000| 99%| O|  |TS  0|AC  0|TAMS 0x00000007035fffe8, 0x00000007035fffe8|
|  54|0x0000000703600000, 0x00000007036ffff0, 0x0000000703700000| 99%| O|  |TS  0|AC  0|TAMS 0x00000007036ffff0, 0x00000007036ffff0|
|  55|0x0000000703700000, 0x00000007037fd798, 0x0000000703800000| 99%| O|  |TS  0|AC  0|TAMS 0x00000007037fd798, 0x00000007037fd798|
|  56|0x0000000703800000, 0x0000000703900000, 0x0000000703900000|100%| O|  |TS  0|AC  0|TAMS 0x0000000703900000, 0x0000000703900000|
|  57|0x0000000703900000, 0x0000000703a00000, 0x0000000703a00000|100%| O|  |TS  0|AC  0|TAMS 0x0000000703a00000, 0x0000000703a00000|
|  58|0x0000000703a00000, 0x0000000703b00000, 0x0000000703b00000|100%| O|  |TS  0|AC  0|TAMS 0x0000000703b00000, 0x0000000703b00000|
|  59|0x0000000703b00000, 0x0000000703bfffe8, 0x0000000703c00000| 99%| O|  |TS  0|AC  0|TAMS 0x0000000703bfffe8, 0x0000000703bfffe8|
|  60|0x0000000703c00000, 0x0000000703cffff8, 0x0000000703d00000| 99%| O|  |TS  0|AC  0|TAMS 0x0000000703cffff8, 0x0000000703cffff8|
|  61|0x0000000703d00000, 0x0000000703e00000, 0x0000000703e00000|100%| O|  |TS  0|AC  0|TAMS 0x0000000703e00000, 0x0000000703e00000|
|  62|0x0000000703e00000, 0x0000000703effff8, 0x0000000703f00000| 99%| O|  |TS  0|AC  0|TAMS 0x0000000703effff8, 0x0000000703effff8|
|  63|0x0000000703f00000, 0x0000000703fffff0, 0x0000000704000000| 99%| O|  |TS  0|AC  0|TAMS 0x0000000703fffff0, 0x0000000703fffff0|
|  64|0x0000000704000000, 0x00000007040ffff0, 0x0000000704100000| 99%| O|  |TS  0|AC  0|TAMS 0x00000007040ffff0, 0x00000007040ffff0|
|  65|0x0000000704100000, 0x0000000704200000, 0x0000000704200000|100%| O|  |TS  0|AC  0|TAMS 0x0000000704200000, 0x0000000704200000|
|  66|0x0000000704200000, 0x00000007042ffff8, 0x0000000704300000| 99%| O|  |TS  0|AC  0|TAMS 0x00000007042ffff8, 0x00000007042ffff8|
|  67|0x0000000704300000, 0x00000007043ffff0, 0x0000000704400000| 99%| O|  |TS  0|AC  0|TAMS 0x00000007043ffff0, 0x00000007043ffff0|
|  68|0x0000000704400000, 0x0000000704500000, 0x0000000704500000|100%| O|  |TS  0|AC  0|TAMS 0x0000000704500000, 0x0000000704500000|
|  69|0x0000000704500000, 0x00000007045ffff8, 0x0000000704600000| 99%| O|  |TS  0|AC  0|TAMS 0x00000007045ffff8, 0x00000007045ffff8|
|  70|0x0000000704600000, 0x0000000704700000, 0x0000000704700000|100%| O|  |TS  0|AC  0|TAMS 0x0000000704700000, 0x0000000704700000|
|  71|0x0000000704700000, 0x00000007047fffe0, 0x0000000704800000| 99%| O|  |TS  0|AC  0|TAMS 0x00000007047fffe0, 0x00000007047fffe0|
|  72|0x0000000704800000, 0x00000007048ffff8, 0x0000000704900000| 99%| O|  |TS  0|AC  0|TAMS 0x00000007048ffff8, 0x00000007048ffff8|
|  73|0x0000000704900000, 0x00000007049fffe8, 0x0000000704a00000| 99%| O|  |TS  0|AC  0|TAMS 0x00000007049fffe8, 0x00000007049fffe8|
|  74|0x0000000704a00000, 0x0000000704afffe8, 0x0000000704b00000| 99%| O|  |TS  0|AC  0|TAMS 0x0000000704afffe8, 0x0000000704afffe8|
|  75|0x0000000704b00000, 0x0000000704bfffc8, 0x0000000704c00000| 99%| O|  |TS  0|AC  0|TAMS 0x0000000704bfffc8, 0x0000000704bfffc8|
|  76|0x0000000704c00000, 0x0000000704cff560, 0x0000000704d00000| 99%| O|  |TS  0|AC  0|TAMS 0x0000000704cff560, 0x0000000704cff560|
|  77|0x0000000704d00000, 0x0000000704dffff0, 0x0000000704e00000| 99%| O|  |TS  0|AC  0|TAMS 0x0000000704dffff0, 0x0000000704dffff0|
|  78|0x0000000704e00000, 0x0000000704effff8, 0x0000000704f00000| 99%| O|  |TS  0|AC  0|TAMS 0x0000000704effff8, 0x0000000704effff8|
|  79|0x0000000704f00000, 0x0000000704fffff0, 0x0000000705000000| 99%| O|  |TS  0|AC  0|TAMS 0x0000000704fffff0, 0x0000000704fffff0|
|  80|0x0000000705000000, 0x00000007050fffb0, 0x0000000705100000| 99%| O|  |TS  0|AC  0|TAMS 0x00000007050fffb0, 0x00000007050fffb0|
|  81|0x0000000705100000, 0x00000007051ffff0, 0x0000000705200000| 99%| O|  |TS  0|AC  0|TAMS 0x00000007051ffff0, 0x00000007051ffff0|
|  82|0x0000000705200000, 0x00000007052fffc8, 0x0000000705300000| 99%| O|  |TS  0|AC  0|TAMS 0x00000007052fffc8, 0x00000007052fffc8|
|  83|0x0000000705300000, 0x00000007053f6dc0, 0x0000000705400000| 96%| O|  |TS  0|AC  0|TAMS 0x00000007053f6dc0, 0x00000007053f6dc0|
|  84|0x0000000705400000, 0x00000007054ffff0, 0x0000000705500000| 99%| O|  |TS  0|AC  0|TAMS 0x00000007054ffff0, 0x00000007054ffff0|
|  85|0x0000000705500000, 0x00000007055fff60, 0x0000000705600000| 99%| O|  |TS  0|AC  0|TAMS 0x00000007055fff60, 0x00000007055fff60|
|  86|0x0000000705600000, 0x00000007056ffff8, 0x0000000705700000| 99%| O|  |TS  0|AC  0|TAMS 0x00000007056ffff8, 0x00000007056ffff8|
|  87|0x0000000705700000, 0x00000007057ffff8, 0x0000000705800000| 99%| O|  |TS  0|AC  0|TAMS 0x00000007057ffff8, 0x00000007057ffff8|
|  88|0x0000000705800000, 0x00000007058ffff0, 0x0000000705900000| 99%| O|  |TS  0|AC  0|TAMS 0x00000007058ffff0, 0x00000007058ffff0|
|  89|0x0000000705900000, 0x00000007059ffff0, 0x0000000705a00000| 99%| O|  |TS  0|AC  0|TAMS 0x00000007059ffff0, 0x00000007059ffff0|
|  90|0x0000000705a00000, 0x0000000705a6e220, 0x0000000705b00000| 43%| O|  |TS  0|AC  0|TAMS 0x0000000705a6e220, 0x0000000705a6e220|
|  91|0x0000000705b00000, 0x0000000705c00000, 0x0000000705c00000|100%| O|  |TS  0|AC  0|TAMS 0x0000000705c00000, 0x0000000705c00000|
|  92|0x0000000705c00000, 0x0000000705d00000, 0x0000000705d00000|100%| O|  |TS  0|AC  0|TAMS 0x0000000705d00000, 0x0000000705d00000|
|  93|0x0000000705d00000, 0x0000000705d29c00, 0x0000000705e00000| 16%| O|  |TS  1|AC  0|TAMS 0x0000000705d27a00, 0x0000000705d27a00|
|  94|0x0000000705e00000, 0x0000000705f00000, 0x0000000705f00000|100%|HS|  |TS  0|AC  0|TAMS 0x0000000705f00000, 0x0000000705f00000|
|  95|0x0000000705f00000, 0x0000000706000000, 0x0000000706000000|100%|HC|  |TS  0|AC  0|TAMS 0x0000000706000000, 0x0000000706000000|
|  96|0x0000000706000000, 0x0000000706000000, 0x0000000706100000|  0%| F|  |TS  0|AC  0|TAMS 0x0000000706000000, 0x0000000706000000|
|  97|0x0000000706100000, 0x0000000706100000, 0x0000000706200000|  0%| F|  |TS  0|AC  0|TAMS 0x0000000706100000, 0x0000000706100000|
|  98|0x0000000706200000, 0x0000000706200000, 0x0000000706300000|  0%| F|  |TS  0|AC  0|TAMS 0x0000000706200000, 0x0000000706200000|
|  99|0x0000000706300000, 0x0000000706300000, 0x0000000706400000|  0%| F|  |TS  0|AC  0|TAMS 0x0000000706300000, 0x0000000706300000|
| 100|0x0000000706400000, 0x0000000706400000, 0x0000000706500000|  0%| F|  |TS  0|AC  0|TAMS 0x0000000706400000, 0x0000000706400000|
| 101|0x0000000706500000, 0x0000000706500000, 0x0000000706600000|  0%| F|  |TS  0|AC  0|TAMS 0x0000000706500000, 0x0000000706500000|
| 102|0x0000000706600000, 0x0000000706600000, 0x0000000706700000|  0%| F|  |TS  0|AC  0|TAMS 0x0000000706600000, 0x0000000706600000|
| 103|0x0000000706700000, 0x0000000706700000, 0x0000000706800000|  0%| F|  |TS  0|AC  0|TAMS 0x0000000706700000, 0x0000000706700000|
| 104|0x0000000706800000, 0x0000000706800000, 0x0000000706900000|  0%| F|  |TS  0|AC  0|TAMS 0x0000000706800000, 0x0000000706800000|
| 105|0x0000000706900000, 0x0000000706900000, 0x0000000706a00000|  0%| F|  |TS  0|AC  0|TAMS 0x0000000706900000, 0x0000000706900000|
| 106|0x0000000706a00000, 0x0000000706a00000, 0x0000000706b00000|  0%| F|  |TS  0|AC  0|TAMS 0x0000000706a00000, 0x0000000706a00000|
| 107|0x0000000706b00000, 0x0000000706b00000, 0x0000000706c00000|  0%| F|  |TS  0|AC  0|TAMS 0x0000000706b00000, 0x0000000706b00000|
| 108|0x0000000706c00000, 0x0000000706c00000, 0x0000000706d00000|  0%| F|  |TS  0|AC  0|TAMS 0x0000000706c00000, 0x0000000706c00000|
| 109|0x0000000706d00000, 0x0000000706d00000, 0x0000000706e00000|  0%| F|  |TS  0|AC  0|TAMS 0x0000000706d00000, 0x0000000706d00000|
| 110|0x0000000706e00000, 0x0000000706e00000, 0x0000000706f00000|  0%| F|  |TS  0|AC  0|TAMS 0x0000000706e00000, 0x0000000706e00000|
| 111|0x0000000706f00000, 0x0000000706f00000, 0x0000000707000000|  0%| F|  |TS  0|AC  0|TAMS 0x0000000706f00000, 0x0000000706f00000|
| 112|0x0000000707000000, 0x0000000707000000, 0x0000000707100000|  0%| F|  |TS  0|AC  0|TAMS 0x0000000707000000, 0x0000000707000000|
| 113|0x0000000707100000, 0x0000000707100000, 0x0000000707200000|  0%| F|  |TS  0|AC  0|TAMS 0x0000000707100000, 0x0000000707100000|
| 114|0x0000000707200000, 0x0000000707200000, 0x0000000707300000|  0%| F|  |TS  0|AC  0|TAMS 0x0000000707200000, 0x0000000707200000|
| 115|0x0000000707300000, 0x0000000707300000, 0x0000000707400000|  0%| F|  |TS  0|AC  0|TAMS 0x0000000707300000, 0x0000000707300000|
| 116|0x0000000707400000, 0x0000000707400000, 0x0000000707500000|  0%| F|  |TS  0|AC  0|TAMS 0x0000000707400000, 0x0000000707400000|
| 117|0x0000000707500000, 0x0000000707500000, 0x0000000707600000|  0%| F|  |TS  0|AC  0|TAMS 0x0000000707500000, 0x0000000707500000|
| 118|0x0000000707600000, 0x0000000707600000, 0x0000000707700000|  0%| F|  |TS  0|AC  0|TAMS 0x0000000707600000, 0x0000000707600000|
| 119|0x0000000707700000, 0x0000000707700000, 0x0000000707800000|  0%| F|  |TS  0|AC  0|TAMS 0x0000000707700000, 0x0000000707700000|
| 120|0x0000000707800000, 0x0000000707800000, 0x0000000707900000|  0%| F|  |TS  0|AC  0|TAMS 0x0000000707800000, 0x0000000707800000|
| 121|0x0000000707900000, 0x0000000707900000, 0x0000000707a00000|  0%| F|  |TS  0|AC  0|TAMS 0x0000000707900000, 0x0000000707900000|
| 122|0x0000000707a00000, 0x0000000707a00000, 0x0000000707b00000|  0%| F|  |TS  0|AC  0|TAMS 0x0000000707a00000, 0x0000000707a00000|
| 123|0x0000000707b00000, 0x0000000707b00000, 0x0000000707c00000|  0%| F|  |TS  0|AC  0|TAMS 0x0000000707b00000, 0x0000000707b00000|
| 124|0x0000000707c00000, 0x0000000707c00000, 0x0000000707d00000|  0%| F|  |TS  1|AC  0|TAMS 0x0000000707c00000, 0x0000000707c00000|
| 125|0x0000000707d00000, 0x0000000707db5cd8, 0x0000000707e00000| 71%| S|CS|TS  1|AC  0|TAMS 0x0000000707d00000, 0x0000000707d00000|
| 126|0x0000000707e00000, 0x0000000707e00000, 0x0000000707f00000|  0%| F|  |TS  1|AC  0|TAMS 0x0000000707e00000, 0x0000000707e00000|
| 127|0x0000000707f00000, 0x0000000707f00000, 0x0000000708000000|  0%| F|  |TS  1|AC  0|TAMS 0x0000000707f00000, 0x0000000707f00000|
| 128|0x0000000708000000, 0x0000000708000000, 0x0000000708100000|  0%| F|  |TS  1|AC  0|TAMS 0x0000000708000000, 0x0000000708000000|
| 129|0x0000000708100000, 0x0000000708100000, 0x0000000708200000|  0%| F|  |TS  1|AC  0|TAMS 0x0000000708100000, 0x0000000708100000|
| 130|0x0000000708200000, 0x0000000708200000, 0x0000000708300000|  0%| F|  |TS  1|AC  0|TAMS 0x0000000708200000, 0x0000000708200000|
| 131|0x0000000708300000, 0x0000000708300000, 0x0000000708400000|  0%| F|  |TS  1|AC  0|TAMS 0x0000000708300000, 0x0000000708300000|
| 132|0x0000000708400000, 0x0000000708400000, 0x0000000708500000|  0%| F|  |TS  1|AC  0|TAMS 0x0000000708400000, 0x0000000708400000|
| 133|0x0000000708500000, 0x0000000708500000, 0x0000000708600000|  0%| F|  |TS  1|AC  0|TAMS 0x0000000708500000, 0x0000000708500000|
| 134|0x0000000708600000, 0x0000000708600000, 0x0000000708700000|  0%| F|  |TS  1|AC  0|TAMS 0x0000000708600000, 0x0000000708600000|
| 135|0x0000000708700000, 0x0000000708700000, 0x0000000708800000|  0%| F|  |TS  1|AC  0|TAMS 0x0000000708700000, 0x0000000708700000|
| 136|0x0000000708800000, 0x0000000708800000, 0x0000000708900000|  0%| F|  |TS  1|AC  0|TAMS 0x0000000708800000, 0x0000000708800000|
| 137|0x0000000708900000, 0x0000000708900000, 0x0000000708a00000|  0%| F|  |TS  1|AC  0|TAMS 0x0000000708900000, 0x0000000708900000|
| 138|0x0000000708a00000, 0x0000000708a00000, 0x0000000708b00000|  0%| F|  |TS  1|AC  0|TAMS 0x0000000708a00000, 0x0000000708a00000|
| 139|0x0000000708b00000, 0x0000000708b00000, 0x0000000708c00000|  0%| F|  |TS  1|AC  0|TAMS 0x0000000708b00000, 0x0000000708b00000|
| 140|0x0000000708c00000, 0x0000000708c00000, 0x0000000708d00000|  0%| F|  |TS  1|AC  0|TAMS 0x0000000708c00000, 0x0000000708c00000|
| 141|0x0000000708d00000, 0x0000000708d00000, 0x0000000708e00000|  0%| F|  |TS  1|AC  0|TAMS 0x0000000708d00000, 0x0000000708d00000|
| 142|0x0000000708e00000, 0x0000000708e00000, 0x0000000708f00000|  0%| F|  |TS  1|AC  0|TAMS 0x0000000708e00000, 0x0000000708e00000|
| 143|0x0000000708f00000, 0x0000000708f00000, 0x0000000709000000|  0%| F|  |TS  1|AC  0|TAMS 0x0000000708f00000, 0x0000000708f00000|
| 144|0x0000000709000000, 0x0000000709000000, 0x0000000709100000|  0%| F|  |TS  1|AC  0|TAMS 0x0000000709000000, 0x0000000709000000|
| 145|0x0000000709100000, 0x0000000709100000, 0x0000000709200000|  0%| F|  |TS  1|AC  0|TAMS 0x0000000709100000, 0x0000000709100000|
| 146|0x0000000709200000, 0x0000000709200000, 0x0000000709300000|  0%| F|  |TS  1|AC  0|TAMS 0x0000000709200000, 0x0000000709200000|
| 147|0x0000000709300000, 0x0000000709300000, 0x0000000709400000|  0%| F|  |TS  1|AC  0|TAMS 0x0000000709300000, 0x0000000709300000|
| 148|0x0000000709400000, 0x0000000709400000, 0x0000000709500000|  0%| F|  |TS  1|AC  0|TAMS 0x0000000709400000, 0x0000000709400000|
| 149|0x0000000709500000, 0x0000000709500000, 0x0000000709600000|  0%| F|  |TS  1|AC  0|TAMS 0x0000000709500000, 0x0000000709500000|
| 150|0x0000000709600000, 0x0000000709600000, 0x0000000709700000|  0%| F|  |TS  1|AC  0|TAMS 0x0000000709600000, 0x0000000709600000|
| 151|0x0000000709700000, 0x0000000709700000, 0x0000000709800000|  0%| F|  |TS  1|AC  0|TAMS 0x0000000709700000, 0x0000000709700000|
| 152|0x0000000709800000, 0x0000000709800000, 0x0000000709900000|  0%| F|  |TS  1|AC  0|TAMS 0x0000000709800000, 0x0000000709800000|
| 153|0x0000000709900000, 0x0000000709900000, 0x0000000709a00000|  0%| F|  |TS  1|AC  0|TAMS 0x0000000709900000, 0x0000000709900000|
| 154|0x0000000709a00000, 0x0000000709a00000, 0x0000000709b00000|  0%| F|  |TS  1|AC  0|TAMS 0x0000000709a00000, 0x0000000709a00000|
| 155|0x0000000709b00000, 0x0000000709b00000, 0x0000000709c00000|  0%| F|  |TS  1|AC  0|TAMS 0x0000000709b00000, 0x0000000709b00000|
| 156|0x0000000709c00000, 0x0000000709c00000, 0x0000000709d00000|  0%| F|  |TS  1|AC  0|TAMS 0x0000000709c00000, 0x0000000709c00000|
| 157|0x0000000709d00000, 0x0000000709d00000, 0x0000000709e00000|  0%| F|  |TS  1|AC  0|TAMS 0x0000000709d00000, 0x0000000709d00000|
| 158|0x0000000709e00000, 0x0000000709e00000, 0x0000000709f00000|  0%| F|  |TS  1|AC  0|TAMS 0x0000000709e00000, 0x0000000709e00000|
| 159|0x0000000709f00000, 0x0000000709f00000, 0x000000070a000000|  0%| F|  |TS  1|AC  0|TAMS 0x0000000709f00000, 0x0000000709f00000|
| 160|0x000000070a000000, 0x000000070a000000, 0x000000070a100000|  0%| F|  |TS  1|AC  0|TAMS 0x000000070a000000, 0x000000070a000000|
| 161|0x000000070a100000, 0x000000070a100000, 0x000000070a200000|  0%| F|  |TS  1|AC  0|TAMS 0x000000070a100000, 0x000000070a100000|
| 162|0x000000070a200000, 0x000000070a200000, 0x000000070a300000|  0%| F|  |TS  1|AC  0|TAMS 0x000000070a200000, 0x000000070a200000|
| 163|0x000000070a300000, 0x000000070a300000, 0x000000070a400000|  0%| F|  |TS  1|AC  0|TAMS 0x000000070a300000, 0x000000070a300000|
| 164|0x000000070a400000, 0x000000070a400000, 0x000000070a500000|  0%| F|  |TS  1|AC  0|TAMS 0x000000070a400000, 0x000000070a400000|
| 165|0x000000070a500000, 0x000000070a500000, 0x000000070a600000|  0%| F|  |TS  1|AC  0|TAMS 0x000000070a500000, 0x000000070a500000|
| 166|0x000000070a600000, 0x000000070a600000, 0x000000070a700000|  0%| F|  |TS  1|AC  0|TAMS 0x000000070a600000, 0x000000070a600000|
| 167|0x000000070a700000, 0x000000070a700000, 0x000000070a800000|  0%| F|  |TS  1|AC  0|TAMS 0x000000070a700000, 0x000000070a700000|
| 168|0x000000070a800000, 0x000000070a800000, 0x000000070a900000|  0%| F|  |TS  1|AC  0|TAMS 0x000000070a800000, 0x000000070a800000|
| 169|0x000000070a900000, 0x000000070a900000, 0x000000070aa00000|  0%| F|  |TS  1|AC  0|TAMS 0x000000070a900000, 0x000000070a900000|
| 170|0x000000070aa00000, 0x000000070aa09a78, 0x000000070ab00000|  3%| E|  |TS  1|AC  0|TAMS 0x000000070aa00000, 0x000000070aa00000|
| 171|0x000000070ab00000, 0x000000070ac00000, 0x000000070ac00000|100%| E|CS|TS  1|AC  0|TAMS 0x000000070ab00000, 0x000000070ab00000|
| 172|0x000000070ac00000, 0x000000070ad00000, 0x000000070ad00000|100%| E|CS|TS  1|AC  0|TAMS 0x000000070ac00000, 0x000000070ac00000|
| 173|0x000000070ad00000, 0x000000070ae00000, 0x000000070ae00000|100%| E|CS|TS  1|AC  0|TAMS 0x000000070ad00000, 0x000000070ad00000|
| 174|0x000000070ae00000, 0x000000070af00000, 0x000000070af00000|100%| E|CS|TS  1|AC  0|TAMS 0x000000070ae00000, 0x000000070ae00000|
| 175|0x000000070af00000, 0x000000070b000000, 0x000000070b000000|100%| E|CS|TS  1|AC  0|TAMS 0x000000070af00000, 0x000000070af00000|
| 176|0x000000070b000000, 0x000000070b100000, 0x000000070b100000|100%| E|CS|TS  1|AC  0|TAMS 0x000000070b000000, 0x000000070b000000|
| 177|0x000000070b100000, 0x000000070b200000, 0x000000070b200000|100%| E|CS|TS  1|AC  0|TAMS 0x000000070b100000, 0x000000070b100000|
| 178|0x000000070b200000, 0x000000070b300000, 0x000000070b300000|100%| E|CS|TS  1|AC  0|TAMS 0x000000070b200000, 0x000000070b200000|
| 179|0x000000070b300000, 0x000000070b400000, 0x000000070b400000|100%| E|CS|TS  1|AC  0|TAMS 0x000000070b300000, 0x000000070b300000|
| 180|0x000000070b400000, 0x000000070b500000, 0x000000070b500000|100%| E|CS|TS  1|AC  0|TAMS 0x000000070b400000, 0x000000070b400000|
| 181|0x000000070b500000, 0x000000070b600000, 0x000000070b600000|100%| E|CS|TS  1|AC  0|TAMS 0x000000070b500000, 0x000000070b500000|
| 182|0x000000070b600000, 0x000000070b700000, 0x000000070b700000|100%| E|CS|TS  1|AC  0|TAMS 0x000000070b600000, 0x000000070b600000|
| 183|0x000000070b700000, 0x000000070b800000, 0x000000070b800000|100%| E|CS|TS  1|AC  0|TAMS 0x000000070b700000, 0x000000070b700000|
| 184|0x000000070b800000, 0x000000070b900000, 0x000000070b900000|100%| E|CS|TS  1|AC  0|TAMS 0x000000070b800000, 0x000000070b800000|

Card table byte_map: [0x000001f1dbf50000,0x000001f1dc550000] byte_map_base: 0x000001f1d8750000

Marking Bits (Prev, Next): (CMBitMap*) 0x000001f1d94e9960, (CMBitMap*) 0x000001f1d94e9998
 Prev Bits: [0x000001f1f38f0000, 0x000001f1f68f0000)
 Next Bits: [0x000001f1f68f0000, 0x000001f1f98f0000)

Polling page: 0x000001f1d0c60000

CodeHeap 'non-profiled nmethods': size=120000Kb used=18809Kb max_used=18866Kb free=101190Kb
 bounds [0x000001f1ebdc0000, 0x000001f1ed040000, 0x000001f1f32f0000]
CodeHeap 'profiled nmethods': size=120000Kb used=40708Kb max_used=40709Kb free=79291Kb
 bounds [0x000001f1e4890000, 0x000001f1e7090000, 0x000001f1ebdc0000]
CodeHeap 'non-nmethods': size=5760Kb used=1818Kb max_used=1882Kb free=3941Kb
 bounds [0x000001f1e42f0000, 0x000001f1e4560000, 0x000001f1e4890000]
 total_blobs=27899 nmethods=15777 adapters=1177
 compilation: enabled

Compilation events (10 events):
Event: 1106.733 Thread 0x000001f1dcb29000 19331       3       com.jidesoft.editor.CodeEditor::a (39 bytes)
Event: 1106.733 Thread 0x000001f1dcb29000 nmethod 19331 0x000001f1e6949a10 code [0x000001f1e6949c20, 0x000001f1e694a130]
Event: 1106.734 Thread 0x000001f1dcb29000 19332       3       com.jidesoft.editor.SyntaxUtils::a (569 bytes)
Event: 1106.736 Thread 0x000001f1dcb29000 nmethod 19332 0x000001f1e7082d10 code [0x000001f1e7083120, 0x000001f1e7085c10]
Event: 1106.736 Thread 0x000001f1dcb29000 19333       3       com.jidesoft.editor.CodeEditor::isSpecialCharactersVisible (34 bytes)
Event: 1106.736 Thread 0x000001f1dcb29000 nmethod 19333 0x000001f1e6947390 code [0x000001f1e6947540, 0x000001f1e6947958]
Event: 1106.736 Thread 0x000001f1dcb29000 19334       3       com.jidesoft.editor.CodeEditor::getSpecialCharactersColor (34 bytes)
Event: 1106.736 Thread 0x000001f1dcb29000 nmethod 19334 0x000001f1e693e410 code [0x000001f1e693e5c0, 0x000001f1e693e9b8]
Event: 1107.081 Thread 0x000001f1dcb28800 19335 %     4       sun.java2d.marlin.Dasher::lineTo @ 68 (316 bytes)
Event: 1107.090 Thread 0x000001f1dcb28800 nmethod 19335% 0x000001f1ec795e10 code [0x000001f1ec796040, 0x000001f1ec796c30]

GC Heap History (10 events):
Event: 1100.907 GC heap before
{Heap before GC invocations=122 (full 7):
 garbage-first heap   total 189440K, used 157725K [0x0000000700000000, 0x00000007001005c8, 0x00000007c0000000)
  region size 1024K, 60 young (61440K), 1 survivors (1024K)
 Metaspace       used 90060K, capacity 95933K, committed 96128K, reserved 1132544K
  class space    used 12658K, capacity 13673K, committed 13696K, reserved 1048576K
}
Event: 1100.908 GC heap after
{Heap after GC invocations=123 (full 7):
 garbage-first heap   total 189440K, used 97275K [0x0000000700000000, 0x00000007001005c8, 0x00000007c0000000)
  region size 1024K, 1 young (1024K), 1 survivors (1024K)
 Metaspace       used 90060K, capacity 95933K, committed 96128K, reserved 1132544K
  class space    used 12658K, capacity 13673K, committed 13696K, reserved 1048576K
}
Event: 1102.419 GC heap before
{Heap before GC invocations=123 (full 7):
 garbage-first heap   total 189440K, used 157691K [0x0000000700000000, 0x00000007001005c8, 0x00000007c0000000)
  region size 1024K, 60 young (61440K), 1 survivors (1024K)
 Metaspace       used 90060K, capacity 95933K, committed 96128K, reserved 1132544K
  class space    used 12658K, capacity 13673K, committed 13696K, reserved 1048576K
}
Event: 1102.422 GC heap after
{Heap after GC invocations=124 (full 7):
 garbage-first heap   total 189440K, used 97272K [0x0000000700000000, 0x00000007001005c8, 0x00000007c0000000)
  region size 1024K, 1 young (1024K), 1 survivors (1024K)
 Metaspace       used 90060K, capacity 95933K, committed 96128K, reserved 1132544K
  class space    used 12658K, capacity 13673K, committed 13696K, reserved 1048576K
}
Event: 1102.598 GC heap before
{Heap before GC invocations=125 (full 7):
 garbage-first heap   total 189440K, used 157688K [0x0000000700000000, 0x00000007001005c8, 0x00000007c0000000)
  region size 1024K, 60 young (61440K), 1 survivors (1024K)
 Metaspace       used 90060K, capacity 95933K, committed 96128K, reserved 1132544K
  class space    used 12658K, capacity 13673K, committed 13696K, reserved 1048576K
}
Event: 1102.600 GC heap after
{Heap after GC invocations=126 (full 7):
 garbage-first heap   total 189440K, used 97280K [0x0000000700000000, 0x00000007001005c8, 0x00000007c0000000)
  region size 1024K, 1 young (1024K), 1 survivors (1024K)
 Metaspace       used 90060K, capacity 95933K, committed 96128K, reserved 1132544K
  class space    used 12658K, capacity 13673K, committed 13696K, reserved 1048576K
}
Event: 1102.766 GC heap before
{Heap before GC invocations=126 (full 7):
 garbage-first heap   total 189440K, used 157696K [0x0000000700000000, 0x00000007001005c8, 0x00000007c0000000)
  region size 1024K, 60 young (61440K), 1 survivors (1024K)
 Metaspace       used 90060K, capacity 95933K, committed 96128K, reserved 1132544K
  class space    used 12658K, capacity 13673K, committed 13696K, reserved 1048576K
}
Event: 1102.768 GC heap after
{Heap after GC invocations=127 (full 7):
 garbage-first heap   total 189440K, used 97289K [0x0000000700000000, 0x00000007001005c8, 0x00000007c0000000)
  region size 1024K, 1 young (1024K), 1 survivors (1024K)
 Metaspace       used 90060K, capacity 95933K, committed 96128K, reserved 1132544K
  class space    used 12658K, capacity 13673K, committed 13696K, reserved 1048576K
}
Event: 1104.022 GC heap before
{Heap before GC invocations=128 (full 7):
 garbage-first heap   total 189440K, used 157705K [0x0000000700000000, 0x00000007001005c8, 0x00000007c0000000)
  region size 1024K, 60 young (61440K), 1 survivors (1024K)
 Metaspace       used 90206K, capacity 96093K, committed 96256K, reserved 1132544K
  class space    used 12673K, capacity 13705K, committed 13824K, reserved 1048576K
}
Event: 1104.024 GC heap after
{Heap after GC invocations=129 (full 7):
 garbage-first heap   total 189440K, used 97476K [0x0000000700000000, 0x00000007001005c8, 0x00000007c0000000)
  region size 1024K, 1 young (1024K), 1 survivors (1024K)
 Metaspace       used 90206K, capacity 96093K, committed 96256K, reserved 1132544K
  class space    used 12673K, capacity 13705K, committed 13824K, reserved 1048576K
}

Deoptimization events (10 events):
Event: 561.571 Thread 0x000001f1fe922800 Uncommon trap: reason=class_check action=maybe_recompile pc=0x000001f1ecc776d0 method=sun.java2d.SunGraphics2D.drawChars([CIIII)V @ 106 c2
Event: 717.775 Thread 0x000001f1fe922800 Uncommon trap: reason=class_check action=maybe_recompile pc=0x000001f1ec1230f0 method=java.awt.DefaultKeyboardFocusManager.dispatchEvent(Ljava/awt/AWTEvent;)Z @ 470 c2
Event: 726.069 Thread 0x000001f1fe922800 Uncommon trap: reason=class_check action=maybe_recompile pc=0x000001f1ec1230f0 method=java.awt.DefaultKeyboardFocusManager.dispatchEvent(Ljava/awt/AWTEvent;)Z @ 470 c2
Event: 727.788 Thread 0x000001f1fe922800 Uncommon trap: reason=unstable_if action=reinterpret pc=0x000001f1ec5f0240 method=ui.views.x.b.e.getChildren()Ljava/util/List; @ 4 c2
Event: 1046.067 Thread 0x000001f1fe922800 Uncommon trap: reason=null_check action=make_not_entrant pc=0x000001f1ec6b9374 method=javax.swing.text.GapContent$MarkData.getPosition()Ljavax/swing/text/GapContent$StickyPosition; @ 4 c2
Event: 1099.894 Thread 0x000001f1fe922800 Uncommon trap: reason=unstable_if action=reinterpret pc=0x000001f1ecd72a10 method=javax.swing.tree.VariableHeightLayoutCache$VisibleTreeStateNodeEnumeration.findNextValidParent()Z @ 11 c2
Event: 1099.894 Thread 0x000001f1fe922800 Uncommon trap: reason=unstable_if action=reinterpret pc=0x000001f1ecfacdac method=ui.views.S.b.i.paintExpandControl(Ljava/awt/Graphics;Ljava/awt/Rectangle;Ljava/awt/Insets;Ljava/awt/Rectangle;Ljavax/swing/tree/TreePath;IZZZ)V @ 185 c2
Event: 1099.897 Thread 0x000001f1fe922800 Uncommon trap: reason=unstable_if action=reinterpret pc=0x000001f1ecdbec58 method=ui.views.S.b.i.paintExpandControl(Ljava/awt/Graphics;Ljava/awt/Rectangle;Ljava/awt/Insets;Ljava/awt/Rectangle;Ljavax/swing/tree/TreePath;IZZZ)V @ 185 c2
Event: 1099.916 Thread 0x000001f1fe922800 Uncommon trap: reason=unstable_if action=reinterpret pc=0x000001f1ecdb3850 method=ui.views.S.b.i.paintExpandControl(Ljava/awt/Graphics;Ljava/awt/Rectangle;Ljava/awt/Insets;Ljava/awt/Rectangle;Ljavax/swing/tree/TreePath;IZZZ)V @ 185 c2
Event: 1106.734 Thread 0x000001f1fe922800 Uncommon trap: reason=unstable_if action=reinterpret pc=0x000001f1ecf25a2c method=com.jidesoft.editor.SyntaxUtils.a(Lcom/jidesoft/editor/CodeEditor;Ljavax/swing/text/Segment;IILjava/awt/Graphics;Ljavax/swing/text/TabExpander;I[I)I @ 398 c2

Classes redefined (0 events):
No events

Internal exceptions (10 events):
Event: 246.524 Thread 0x000001f1fe922800 Exception <a 'java/lang/NoSuchMethodError'{0x00000007098580e8}: method resolution failed> (0x00000007098580e8) thrown at [t:/workspace/hotspot/src/share/vm/prims/methodHandles.cpp, line 1256]
Event: 246.524 Thread 0x000001f1fe922800 Exception <a 'java/lang/NoSuchMethodError'{0x000000070985bdc8}: java.lang.invoke.DelegatingMethodHandle$Holder.reinvoke_L(Ljava/lang/Object;Ljava/lang/Object;Ljava/lang/Object;Ljava/lang/Object;ILjava/lang/Object;)Ljava/lang/Object;> (0x000000070985bdc8) 
Event: 320.709 Thread 0x000001f1fe922800 Exception <a 'java/lang/NoSuchMethodError'{0x000000070b4b6628}: java.lang.invoke.DirectMethodHandle$Holder.invokeSpecial(Ljava/lang/Object;Ljava/lang/Object;IIILjava/lang/Object;Ljava/lang/Object;I)Ljava/lang/Object;> (0x000000070b4b6628) thrown at [t:/wo
Event: 320.709 Thread 0x000001f1fe922800 Exception <a 'java/lang/NoSuchMethodError'{0x000000070b4b9fb8}: java.lang.invoke.DelegatingMethodHandle$Holder.reinvoke_L(Ljava/lang/Object;IIILjava/lang/Object;Ljava/lang/Object;I)Ljava/lang/Object;> (0x000000070b4b9fb8) thrown at [t:/workspace/hotspot/s
Event: 403.077 Thread 0x000001f1fe922800 Implicit null exception at 0x000001f1ec949d10 to 0x000001f1ec949d74
Event: 468.189 Thread 0x000001f183f37000 Implicit null exception at 0x000001f1ec638d65 to 0x000001f1ec639259
Event: 468.685 Thread 0x000001f1fe922800 Exception <a 'java/lang/NoSuchMethodError'{0x0000000709a387b8}: java.lang.invoke.DirectMethodHandle$Holder.invokeSpecial(Ljava/lang/Object;Ljava/lang/Object;IILjava/lang/Object;ILjava/lang/Object;Ljava/lang/Object;)Ljava/lang/Object;> (0x0000000709a387b8)
Event: 468.685 Thread 0x000001f1fe922800 Exception <a 'java/lang/NoSuchMethodError'{0x0000000709a3be80}: java.lang.invoke.DelegatingMethodHandle$Holder.reinvoke_L(Ljava/lang/Object;IILjava/lang/Object;ILjava/lang/Object;Ljava/lang/Object;)Ljava/lang/Object;> (0x0000000709a3be80) thrown at [t:/wo
Event: 468.686 Thread 0x000001f1fe922800 Exception <a 'java/lang/NoSuchMethodError'{0x0000000709a618d0}: java.lang.invoke.DirectMethodHandle$Holder.invokeSpecial(Ljava/lang/Object;Ljava/lang/Object;Ljava/lang/Object;ILjava/lang/Object;Ljava/lang/Object;)Ljava/lang/Object;> (0x0000000709a618d0) t
Event: 1046.067 Thread 0x000001f1fe922800 Implicit null exception at 0x000001f1ec6b798f to 0x000001f1ec6b9361

Events (10 events):
Event: 1105.616 Thread 0x000001f183f3a000 Thread exited: 0x000001f183f3a000
Event: 1106.009 Thread 0x000001f183f39800 Thread added: 0x000001f183f39800
Event: 1106.013 Thread 0x000001f183f39800 Thread exited: 0x000001f183f39800
Event: 1106.734 Thread 0x000001f1fe922800 Uncommon trap: trap_request=0xffffff5d fr.pc=0x000001f1ecf25a2c relative=0x000000000000090c
Event: 1106.734 Thread 0x000001f1fe922800 DEOPT PACKING pc=0x000001f1ecf25a2c sp=0x0000006823bf5330
Event: 1106.734 Thread 0x000001f1fe922800 DEOPT UNPACKING pc=0x000001f1e433df29 sp=0x0000006823bf5308 mode 2
Event: 1107.010 Thread 0x000001f183f39800 Thread added: 0x000001f183f39800
Event: 1107.013 Thread 0x000001f183f39800 Thread exited: 0x000001f183f39800
Event: 1107.072 loading class ui/views/bD
Event: 1107.072 loading class ui/views/bD done


Dynamic libraries:
0x00007ff663b10000 - 0x00007ff663b40000 	C:\Xilinx\Vivado\2019.1\bin\unwrapped\win64.o\vivado.exe
0x00007ffbe6b30000 - 0x00007ffbe6d46000 	C:\WINDOWS\SYSTEM32\ntdll.dll
0x00007ffbe5810000 - 0x00007ffbe58d4000 	C:\WINDOWS\System32\KERNEL32.DLL
0x00007ffbe3e50000 - 0x00007ffbe41f7000 	C:\WINDOWS\System32\KERNELBASE.dll
0x00007ffbe45e0000 - 0x00007ffbe46f1000 	C:\WINDOWS\System32\ucrtbase.dll
0x00007ffb9d1c0000 - 0x00007ffb9d24d000 	C:\WINDOWS\SYSTEM32\MSVCP140.dll
0x00007ffb974a0000 - 0x00007ffb974b4000 	C:\Xilinx\Vivado\2019.1\lib\win64.o\librdi_commonmain.dll
0x00007ffb97480000 - 0x00007ffb97494000 	C:\Xilinx\Vivado\2019.1\lib\win64.o\libboost_signals.dll
0x00007ffba5960000 - 0x00007ffba597b000 	C:\WINDOWS\SYSTEM32\VCRUNTIME140.dll
0x00007ffbacd20000 - 0x00007ffbacd2c000 	C:\WINDOWS\SYSTEM32\VCRUNTIME140_1.dll
0x00007ffb20f80000 - 0x00007ffb21e62000 	C:\Xilinx\Vivado\2019.1\lib\win64.o\librdi_common.dll
0x00007ffbe68c0000 - 0x00007ffbe6a6e000 	C:\WINDOWS\System32\USER32.dll
0x00007ffbe4490000 - 0x00007ffbe44b6000 	C:\WINDOWS\System32\win32u.dll
0x00007ffbe5f90000 - 0x00007ffbe5fb9000 	C:\WINDOWS\System32\GDI32.dll
0x00007ffbe44c0000 - 0x00007ffbe45d9000 	C:\WINDOWS\System32\gdi32full.dll
0x00007ffbe4700000 - 0x00007ffbe479a000 	C:\WINDOWS\System32\msvcp_win.dll
0x00007ffbe6800000 - 0x00007ffbe68b2000 	C:\WINDOWS\System32\ADVAPI32.dll
0x00007ffbe5980000 - 0x00007ffbe5a27000 	C:\WINDOWS\System32\msvcrt.dll
0x00007ffb97450000 - 0x00007ffb97476000 	C:\Xilinx\Vivado\2019.1\lib\win64.o\libboost_filesystem.dll
0x00007ffbe55b0000 - 0x00007ffbe5658000 	C:\WINDOWS\System32\sechost.dll
0x00007ffbe4460000 - 0x00007ffbe4488000 	C:\WINDOWS\System32\bcrypt.dll
0x00007ffbe62d0000 - 0x00007ffbe63e5000 	C:\WINDOWS\System32\RPCRT4.dll
0x00007ffba8f60000 - 0x00007ffba8f6a000 	C:\Xilinx\Vivado\2019.1\lib\win64.o\librdi_commonversion.dll
0x00007ffbe4860000 - 0x00007ffbe50bc000 	C:\WINDOWS\System32\SHELL32.dll
0x00007ffb5f980000 - 0x00007ffb5faa1000 	C:\Xilinx\Vivado\2019.1\lib\win64.o\librdi_commonxillic.dll
0x000000005adc0000 - 0x000000005aeeb000 	C:\Xilinx\Vivado\2019.1\lib\win64.o\tcl85t.dll
0x00007ffbe6a70000 - 0x00007ffbe6ae1000 	C:\WINDOWS\System32\WS2_32.dll
0x00007ffb20c10000 - 0x00007ffb20f7e000 	C:\Xilinx\Vivado\2019.1\lib\win64.o\libCOIN-all.dll
0x00007ffb97430000 - 0x00007ffb97444000 	C:\Xilinx\Vivado\2019.1\lib\win64.o\libboost_date_time.dll
0x00007ffb657a0000 - 0x00007ffb6581f000 	C:\Xilinx\Vivado\2019.1\lib\win64.o\libboost_program_options.dll
0x00007ffb5c540000 - 0x00007ffb5c654000 	C:\Xilinx\Vivado\2019.1\lib\win64.o\libboost_regex.dll
0x00007ffba7a90000 - 0x00007ffba7a9b000 	C:\Xilinx\Vivado\2019.1\lib\win64.o\libboost_system.dll
0x00007ffb72950000 - 0x00007ffb72971000 	C:\Xilinx\Vivado\2019.1\lib\win64.o\libboost_thread.dll
0x00007ffba5d00000 - 0x00007ffba5d0f000 	C:\Xilinx\Vivado\2019.1\lib\win64.o\libboost_xilinx.dll
0x00007ffb5eef0000 - 0x00007ffb5ef72000 	C:\Xilinx\Vivado\2019.1\lib\win64.o\libhdlpsolve.dll
0x00007ffb5df40000 - 0x00007ffb5dfe5000 	C:\Xilinx\Vivado\2019.1\lib\win64.o\libhdxml.dll
0x00007ffb670e0000 - 0x00007ffb67145000 	C:\Xilinx\Vivado\2019.1\lib\win64.o\liblmx6.0.dll
0x00007ffb72710000 - 0x00007ffb7273e000 	C:\Xilinx\Vivado\2019.1\lib\win64.o\libisl_sysinfo.dll
0x00007ffb97410000 - 0x00007ffb9742a000 	C:\Xilinx\Vivado\2019.1\lib\win64.o\pthreadVC2.dll
0x00007ffb1be50000 - 0x00007ffb1c9ff400 	C:\Xilinx\Vivado\2019.1\lib\win64.o\libisl_iostreams.dll
0x00007ffb96200000 - 0x00007ffb9621c000 	C:\Xilinx\Vivado\2019.1\lib\win64.o\librdiconfig.dll
0x00007ffb71f60000 - 0x00007ffb71f81000 	C:\Xilinx\Vivado\2019.1\lib\win64.o\librdizlib.dll
0x00007ffbcb4d0000 - 0x00007ffbcb4e9000 	C:\WINDOWS\SYSTEM32\NETAPI32.dll
0x00007ffba82e0000 - 0x00007ffba87d4000 	C:\WINDOWS\SYSTEM32\WININET.dll
0x0000000012000000 - 0x0000000012270000 	C:\Xilinx\Vivado\2019.1\lib\win64.o\xerces-c_3_1.dll
0x00007ffbda340000 - 0x00007ffbda476000 	C:\WINDOWS\SYSTEM32\WINHTTP.dll
0x00007ffbbd1c0000 - 0x00007ffbbd3b0000 	C:\WINDOWS\SYSTEM32\urlmon.dll
0x00007ffbbfc40000 - 0x00007ffbbfc49000 	C:\WINDOWS\SYSTEM32\WSOCK32.dll
0x00007ffb69500000 - 0x00007ffb69531000 	C:\WINDOWS\SYSTEM32\VCOMP140.DLL
0x00007ffb1a320000 - 0x00007ffb1b1b1000 	C:\Xilinx\Vivado\2019.1\lib\win64.o\gurobi65.dll
0x00007ffb20930000 - 0x00007ffb20c08000 	C:\Xilinx\Vivado\2019.1\lib\win64.o\libXil_lmgr11.dll
0x00007ffbe5130000 - 0x00007ffbe5229000 	C:\WINDOWS\System32\COMDLG32.dll
0x00007ffbe6470000 - 0x00007ffbe67f8000 	C:\WINDOWS\System32\combase.dll
0x00007ffbe61c0000 - 0x00007ffbe62b3000 	C:\WINDOWS\System32\shcore.dll
0x00007ffbe6410000 - 0x00007ffbe646e000 	C:\WINDOWS\System32\SHLWAPI.dll
0x00007ffbe5fd0000 - 0x00007ffbe60a7000 	C:\WINDOWS\System32\OLEAUT32.dll
0x00007ffbe5660000 - 0x00007ffbe5805000 	C:\WINDOWS\System32\ole32.dll
0x00007ffbe43f0000 - 0x00007ffbe445b000 	C:\WINDOWS\System32\WINTRUST.dll
0x00007ffbe4280000 - 0x00007ffbe43e7000 	C:\WINDOWS\System32\CRYPT32.dll
0x00007ffbbeb70000 - 0x00007ffbbee2c000 	C:\WINDOWS\SYSTEM32\iertutil.dll
0x00007ffba5950000 - 0x00007ffba595d000 	C:\Xilinx\Vivado\2019.1\lib\win64.o\libboost_chrono.dll
0x00007ffb68870000 - 0x00007ffb68895000 	C:\Xilinx\Vivado\2019.1\lib\win64.o\libisl_iosutils.dll
0x00007ffb755f0000 - 0x00007ffb7560b000 	C:\Xilinx\Vivado\2019.1\lib\win64.o\libboost_iostreams.dll
0x00007ffbcb4a0000 - 0x00007ffbcb4c8000 	C:\WINDOWS\SYSTEM32\srvcli.dll
0x00007ffbe2980000 - 0x00007ffbe298c000 	C:\WINDOWS\SYSTEM32\netutils.dll
0x00007ffbab6d0000 - 0x00007ffbab783000 	C:\WINDOWS\WinSxS\amd64_microsoft.windows.common-controls_6595b64144ccf1df_5.82.22621.2506_none_b43bab19638c9595\COMCTL32.dll
0x00007ffbd9dc0000 - 0x00007ffbd9ddf000 	C:\WINDOWS\SYSTEM32\dhcpcsvc.DLL
0x00007ffbe53f0000 - 0x00007ffbe5421000 	C:\WINDOWS\System32\IMM32.DLL
0x00007ffbe36b0000 - 0x00007ffbe36c2000 	C:\WINDOWS\SYSTEM32\MSASN1.dll
0x00007ffbe2f80000 - 0x00007ffbe2f98000 	C:\WINDOWS\SYSTEM32\kernel.appcore.dll
0x00007ffb1b930000 - 0x00007ffb1be47000 	C:\Xilinx\Vivado\2019.1\lib\win64.o\librdi_commontasks.dll
0x00007ffbd8510000 - 0x00007ffbd851a000 	C:\WINDOWS\SYSTEM32\VERSION.dll
0x000000005a390000 - 0x000000005adb5000 	C:\Xilinx\Vivado\2019.1\tps\win64\jre9.0.4\bin\server\jvm.dll
0x00007ffbe62c0000 - 0x00007ffbe62c8000 	C:\WINDOWS\System32\PSAPI.DLL
0x00007ffb206a0000 - 0x00007ffb20926000 	C:\Xilinx\Vivado\2019.1\lib\win64.o\librdi_sio.dll
0x00007ffbd8b60000 - 0x00007ffbd8b94000 	C:\WINDOWS\SYSTEM32\WINMM.dll
0x00007ffb69240000 - 0x00007ffb6932f000 	C:\WINDOWS\SYSTEM32\MSVCR120.dll
0x00007ffbe2990000 - 0x00007ffbe29bd000 	C:\WINDOWS\SYSTEM32\IPHLPAPI.DLL
0x00007ffbe33f0000 - 0x00007ffbe3459000 	C:\WINDOWS\SYSTEM32\MSWSOCK.DLL
0x00007ffbe1dc0000 - 0x00007ffbe26b9000 	C:\WINDOWS\SYSTEM32\windows.storage.dll
0x00007ffbe1c80000 - 0x00007ffbe1dbe000 	C:\WINDOWS\SYSTEM32\wintypes.dll
0x00007ffb17e60000 - 0x00007ffb1a31c000 	C:\Xilinx\Vivado\2019.1\lib\win64.o\librdi_tcltasks.dll
0x00007ffb5f530000 - 0x00007ffb5f5a8000 	C:\Xilinx\Vivado\2019.1\lib\win64.o\librdi_boarddep.dll
0x00007ffb59250000 - 0x00007ffb5933b000 	C:\Xilinx\Vivado\2019.1\lib\win64.o\librdi_chipscope.dll
0x00007ffb1b790000 - 0x00007ffb1b921000 	C:\Xilinx\Vivado\2019.1\lib\win64.o\librdi_board.dll
0x00007ffb17a50000 - 0x00007ffb17e58000 	C:\Xilinx\Vivado\2019.1\lib\win64.o\librdi_bitstream.dll
0x00007ffb14040000 - 0x00007ffb14196000 	C:\Xilinx\Vivado\2019.1\lib\win64.o\librdi_containers.dll
0x00007ffb13e80000 - 0x00007ffb1403d000 	C:\Xilinx\Vivado\2019.1\lib\win64.o\librdi_chipscopeimpl.dll
0x00007ffb16060000 - 0x00007ffb17a4a000 	C:\Xilinx\Vivado\2019.1\lib\win64.o\librdi_constraints.dll
0x00007ffb141a0000 - 0x00007ffb16051000 	C:\Xilinx\Vivado\2019.1\lib\win64.o\librdi_coregen.dll
0x00007ffb137a0000 - 0x00007ffb13e7a000 	C:\Xilinx\Vivado\2019.1\lib\win64.o\librdi_coregenipxact.dll
0x00007ffb0f750000 - 0x00007ffb13793000 	C:\Xilinx\Vivado\2019.1\lib\win64.o\librdi_designutils.dll
0x00007ffafca60000 - 0x00007ffafcd7e000 	C:\Xilinx\Vivado\2019.1\lib\win64.o\librdi_dlyest.dll
0x00007ffafcd80000 - 0x00007ffafd31a000 	C:\Xilinx\Vivado\2019.1\lib\win64.o\librdi_drc.dll
0x00007ffb205d0000 - 0x00007ffb20694000 	C:\Xilinx\Vivado\2019.1\lib\win64.o\librdi_dsp.dll
0x00007ffafc120000 - 0x00007ffafc403000 	C:\Xilinx\Vivado\2019.1\lib\win64.o\librdi_guitools.dll
0x00007ffafc410000 - 0x00007ffafca5d000 	C:\Xilinx\Vivado\2019.1\lib\win64.o\librdi_filemgmt.dll
0x00007ffafd320000 - 0x00007ffb0f74c000 	C:\Xilinx\Vivado\2019.1\lib\win64.o\librdi_device.dll
0x00007ffb691d0000 - 0x00007ffb69235000 	C:\Xilinx\Vivado\2019.1\lib\win64.o\librdi_hdf.dll
0x00007ffafa540000 - 0x00007ffafab55000 	C:\Xilinx\Vivado\2019.1\lib\win64.o\librdi_memdata.dll
0x00007ffb59d30000 - 0x00007ffb59da3000 	C:\Xilinx\Vivado\2019.1\lib\win64.o\librdi_memoryarray.dll
0x00007ffafab60000 - 0x00007ffafc120000 	C:\Xilinx\Vivado\2019.1\lib\win64.o\librdi_implflow.dll
0x00007ffb682e0000 - 0x00007ffb6832b000 	C:\Xilinx\Vivado\2019.1\lib\win64.o\librdi_pfi.dll
0x00007ffaf71a0000 - 0x00007ffaf7842000 	C:\Xilinx\Vivado\2019.1\lib\win64.o\librdi_netlist.dll
0x00007ffaf4810000 - 0x00007ffaf4b1f000 	C:\Xilinx\Vivado\2019.1\lib\win64.o\librdi_platform.dll
0x00007ffaf40c0000 - 0x00007ffaf480a000 	C:\Xilinx\Vivado\2019.1\lib\win64.o\librdi_power.dll
0x00007ffaf4b20000 - 0x00007ffaf7196000 	C:\Xilinx\Vivado\2019.1\lib\win64.o\librdi_place.dll
0x00007ffaf3b40000 - 0x00007ffaf40bf000 	C:\Xilinx\Vivado\2019.1\lib\win64.o\librdi_project.dll
0x00007ffaf2d20000 - 0x00007ffaf3429000 	C:\Xilinx\Vivado\2019.1\lib\win64.o\librdi_psta.dll
0x00007ffaf3430000 - 0x00007ffaf3b36000 	C:\Xilinx\Vivado\2019.1\lib\win64.o\librdi_rsb.dll
0x00007ffaf7850000 - 0x00007ffafa536000 	C:\Xilinx\Vivado\2019.1\lib\win64.o\librdi_mig.dll
0x00007ffaf2920000 - 0x00007ffaf2d11000 	C:\Xilinx\Vivado\2019.1\lib\win64.o\librdi_runs.dll
0x00007ffaf25c0000 - 0x00007ffaf2816000 	C:\Xilinx\Vivado\2019.1\lib\win64.o\librdi_simdata.dll
0x00007ffaf2820000 - 0x00007ffaf291a000 	C:\Xilinx\Vivado\2019.1\lib\win64.o\librdi_runsbase.dll
0x00007ffaf1620000 - 0x00007ffaf1792000 	C:\Xilinx\Vivado\2019.1\lib\win64.o\librdi_advchipscopeimpl.dll
0x00007ffaf17a0000 - 0x00007ffaf25b1000 	C:\Xilinx\Vivado\2019.1\lib\win64.o\librdi_timing.dll
0x00007ffb67440000 - 0x00007ffb6748c000 	C:\Xilinx\Vivado\2019.1\lib\win64.o\libboost_serialization.dll
0x00007ffaf1480000 - 0x00007ffaf161f000 	C:\Xilinx\Vivado\2019.1\lib\win64.o\librdi_hip_devdesign.dll
0x00007ffb1b6c0000 - 0x00007ffb1b782000 	C:\Xilinx\Vivado\2019.1\lib\win64.o\librdi_ipconfig_readwrite.dll
0x00007ffb653d0000 - 0x00007ffb65413000 	C:\Xilinx\Vivado\2019.1\lib\win64.o\librdi_noc_frameworks.dll
0x00007ffaf0540000 - 0x00007ffaf0925000 	C:\Xilinx\Vivado\2019.1\lib\win64.o\librdi_hip_config.dll
0x00007ffaf0930000 - 0x00007ffaf1477000 	C:\Xilinx\Vivado\2019.1\lib\win64.o\libverific.dll
0x00007ffaefff0000 - 0x00007ffaf053e000 	C:\Xilinx\Vivado\2019.1\lib\win64.o\librdi_xdm.dll
0x00007ffaeff50000 - 0x00007ffaeffee000 	C:\Xilinx\Vivado\2019.1\lib\win64.o\libise.dll
0x00007ffb65130000 - 0x00007ffb65170000 	C:\Xilinx\Vivado\2019.1\lib\win64.o\librdi_wavedata_SimpleApi.dll
0x00007ffaef950000 - 0x00007ffaeff4c000 	C:\Xilinx\Vivado\2019.1\lib\win64.o\librdi_wavedata.dll
0x00007ffb64ee0000 - 0x00007ffb64f1f000 	C:\Xilinx\Vivado\2019.1\lib\win64.o\librdi_schedmon.dll
0x00007ffaec590000 - 0x00007ffaec7e9000 	C:\Xilinx\Vivado\2019.1\lib\win64.o\librdi_hsm.dll

VM Arguments:
jvm_args: -Dsun.java2d.pmoffscreen=false -Dsun.java2d.xrender=false -Dsun.java2d.d3d=false -Dsun.awt.nopixfmt=true -Dsun.java2d.dpiaware=true -Dsun.java2d.uiScale.enabled=false -Xverify:none -Dswing.aatext=true -XX:-UsePerfData -Djdk.map.althashing.threshold=512 -XX:StringTableSize=4072 --add-opens=java.base/java.nio=ALL-UNNAMED --add-opens=java.desktop/sun.swing=ALL-UNNAMED --add-opens=java.desktop/javax.swing=ALL-UNNAMED --add-opens=java.desktop/javax.swing.tree=ALL-UNNAMED --add-opens=java.desktop/javax.swing.plaf.basic=ALL-UNNAMED --add-opens=java.desktop/javax.swing.plaf.synth=ALL-UNNAMED --add-opens=java.desktop/com.sun.awt=ALL-UNNAMED -XX:NewSize=60m -XX:MaxNewSize=60m -Xms128m -Xmx3072m -Xss5m 
java_command: <unknown>
java_class_path (initial): C:/Xilinx/Vivado/2019.1\lib\classes\Nlview.jar;C:/Xilinx/Vivado/2019.1\lib\classes\alloy.jar;C:/Xilinx/Vivado/2019.1\lib\classes\batik-anim.jar;C:/Xilinx/Vivado/2019.1\lib\classes\batik-awt-util.jar;C:/Xilinx/Vivado/2019.1\lib\classes\batik-bridge.jar;C:/Xilinx/Vivado/2019.1\lib\classes\batik-codec.jar;C:/Xilinx/Vivado/2019.1\lib\classes\batik-css.jar;C:/Xilinx/Vivado/2019.1\lib\classes\batik-dom.jar;C:/Xilinx/Vivado/2019.1\lib\classes\batik-ext.jar;C:/Xilinx/Vivado/2019.1\lib\classes\batik-gui-util.jar;C:/Xilinx/Vivado/2019.1\lib\classes\batik-gvt.jar;C:/Xilinx/Vivado/2019.1\lib\classes\batik-parser.jar;C:/Xilinx/Vivado/2019.1\lib\classes\batik-script.jar;C:/Xilinx/Vivado/2019.1\lib\classes\batik-svg-dom.jar;C:/Xilinx/Vivado/2019.1\lib\classes\batik-swing.jar;C:/Xilinx/Vivado/2019.1\lib\classes\batik-transcoder.jar;C:/Xilinx/Vivado/2019.1\lib\classes\batik-util.jar;C:/Xilinx/Vivado/2019.1\lib\classes\batik-xml.jar;C:/Xilinx/Vivado/2019.1\lib\classes\com.google.gson_2.7.0.v20170129-0911.jar;C:/Xilinx/Vivado/2019.1\lib\classes\com.google.guava_21.0.0.v20170206-1425.jar;C:/Xilinx/Vivado/2019.1\lib\classes\com.google.inject_3.0.0.v201605172100.jar;C:/Xilinx/Vivado/2019.1\lib\classes\com.sigasi.hdt.annotations.runtime_4.3.0.201903071210.jar;C:/Xilinx/Vivado/2019.1\lib\classes\com.sigasi.hdt.blockdiagram.model_4.3.0.201903071210.jar;C:/Xilinx/Vivado/2019.1\lib\classes\com.sigasi.hdt.connection_4.3.0.201903071210.jar;C:/Xilinx/Vivado/2019.1\lib\classes\com.sigasi.hdt.dependencies.model_4.3.0.201903071210.jar;C:/Xilinx/Vivado/2019.1\lib\classes\com.sigasi.hdt.epl_4.3.0.201903071210.jar;C:/Xilinx/Vivado/2019.1\lib\classes\com.sigasi.hdt.graphics.model_4.3.0.201903071210.jar;C:/Xilinx/Vivado/2019.1\lib\classes\com.sigasi.hdt.project_4.3.0.201903071210.jar;C:/Xilinx/Vivado/2019.1\lib\classes\com.sigasi.hdt.readonlyfilesystem_4.3.0.201903071210.jar;C:/Xilinx/Vivado/2019.1\lib\classes\com.sigasi.hdt.shared.ide_4.3.0.201903071210.jar;C:/Xilinx/Vivado
Launcher Type: generic

Logging:
Log output configuration:
#0: stdout all=warning uptime,level,tags
#1: stderr all=off uptime,level,tags

Environment Variables:
PATH=C:/Xilinx/Vivado/2019.1/bin;C:/Xilinx/Vivado/2019.1/lib/win64.o;C:/Xilinx/Vivado/2019.1/tps/win64/jre9.0.4/bin/server;C:/Xilinx/Vivado/2019.1/tps/win64/jre9.0.4/bin;C:/Xilinx/SDK/2019.1/bin;C:/Xilinx/Vivado/2019.1/ids_lite/ISE/bin/nt64;C:/Xilinx/Vivado/2019.1/ids_lite/ISE/lib/nt64;C:\Windows\system32;C:\Windows;C:\Windows\System32\Wbem;C:\Windows\System32\WindowsPowerShell\v1.0\;C:\Windows\System32\OpenSSH\;C:\Program Files (x86)\NVIDIA Corporation\PhysX\Common;C:\Program Files\NVIDIA Corporation\NVIDIA NvDLISR;C:\Program Files\Microsoft SQL Server\Client SDK\ODBC\110\Tools\Binn\;C:\Program Files (x86)\Microsoft SQL Server\120\Tools\Binn\;C:\Program Files\Microsoft SQL Server\120\Tools\Binn\;C:\Program Files\Microsoft SQL Server\120\DTS\Binn\;C:\Program Files (x86)\Windows Kits\8.1\Windows Performance Toolkit\;C:\Program Files\nodejs\;C:\Program Files\dotnet\;C:\Program Files\PuTTY\;C:\Program Files\MATLAB\MATLAB Runtime\R2023a\runtime\win64;C:\Program Files\MATLAB\R2023a\runtime\win64;C:\Program Files\MATLAB\R2023a\bin;C:\Program Files\Git\cmd;C:\Users\olaol\AppData\Local\Programs\Python\Python312\Scripts;C:\Users\olaol\AppData\Local\Programs\Microsoft VS Code\bin;C:\Users\olaol\AppData\Local\GitHubDesktop\bin;C:\Program Files (x86)\WinSCP\;C:\altera\13.0sp1\modelsim_ase\win32aloem;C:/Xilinx/Vivado/2019.1\tps\mingw\6.2.0\win64.o\nt\bin;C:/Xilinx/Vivado/2019.1\tps\mingw\6.2.0\win64.o\nt\libexec\gcc\x86_64-w64-mingw32\6.2.0;C:/Xilinx/Vivado/2019.1\tps\win64\python-2.7.5;C:/Xilinx/Vivado/2019.1\tps\win64\python-2.7.5\lib;C:/Xilinx/Vivado/2019.1\tps\win64\python-2.7.5\Lib\lib-tk;C:/Xilinx/Vivado/2019.1\tps\win64\python-2.7.5\lib\site-packages
USERNAME=olaol
OS=Windows_NT
PROCESSOR_IDENTIFIER=Intel64 Family 6 Model 165 Stepping 2, GenuineIntel



---------------  S Y S T E M  ---------------

OS: Windows 10 , 64 bit Build 22621 (10.0.22621.3374)

CPU:total 12 (initial active 12) (6 cores per cpu, 2 threads per core) family 6 model 165 stepping 2, cmov, cx8, fxsr, mmx, sse, sse2, sse3, ssse3, sse4.1, sse4.2, popcnt, avx, avx2, aes, clmul, erms, 3dnowpref, lzcnt, ht, tsc, tscinvbit, bmi1, bmi2, adx, fma

Memory: 4k page, physical 16533184k(4673492k free), swap 25970368k(10690004k free)

vm_info: Java HotSpot(TM) 64-Bit Server VM (9.0.4+11) for windows-amd64 JRE (9.0.4+11), built on Dec 20 2017 02:18:54 by "mach5one" with MS VC++ 12.0 (VS2013)

END.
