Copyright 1986-2019 Xilinx, Inc. All Rights Reserved.
------------------------------------------------------------------------------------
| Tool Version : Vivado v.2019.1 (win64) Build 2552052 Fri May 24 14:49:42 MDT 2019
| Date         : Sat Apr 20 18:15:36 2024
| Host         : CB195-UL-43 running 64-bit major release  (build 9200)
| Command      : upgrade_ip
| Device       : xc7z007sclg400-1
------------------------------------------------------------------------------------

Upgrade Log for IP 'design_1_vga_bram_0_0'

1. Summary
----------

SUCCESS in the upgrade of design_1_vga_bram_0_0 (xilinx.com:user:vga_bram:1.0) from (Rev. 2) to (Rev. 3)






Copyright 1986-2019 Xilinx, Inc. All Rights Reserved.
------------------------------------------------------------------------------------
| Tool Version : Vivado v.2019.1 (win64) Build 2552052 Fri May 24 14:49:42 MDT 2019
| Date         : Sat Apr 20 17:36:37 2024
| Host         : CB195-UL-43 running 64-bit major release  (build 9200)
| Command      : upgrade_ip
| Device       : xc7z007sclg400-1
------------------------------------------------------------------------------------

Upgrade Log for IP 'design_1_vga_bram_0_0'

1. Summary
----------

CAUTION (success, with warnings) in the upgrade of design_1_vga_bram_0_0 (xilinx.com:user:vga_bram:1.0) from (Rev. 1) to (Rev. 2)

After upgrade, an IP may have parameter and port differences compared to the original customization. Please review the parameters within the IP customization GUI to ensure proper functionality. Also, please review the updated IP instantiation template to ensure proper connectivity, and update your design if required.

2. Connection Warnings
----------------------

Detected external port differences while upgrading 'design_1_vga_bram_0_0'. These changes may impact your design.


-Upgrade has added port 'I_CLK_125MHZ'

-Upgrade has added port 'I_CLK_50MHZ'

-Upgrade has added port 'hsync'

-Upgrade has added port 'vga_b'

-Upgrade has added port 'vga_g'

-Upgrade has added port 'vga_r'

-Upgrade has added port 'vsync'







Copyright 1986-2019 Xilinx, Inc. All Rights Reserved.
------------------------------------------------------------------------------------
| Tool Version : Vivado v.2019.1 (win64) Build 2552052 Fri May 24 14:49:42 MDT 2019
| Date         : Sat Apr 20 17:27:52 2024
| Host         : CB195-UL-43 running 64-bit major release  (build 9200)
| Command      : upgrade_ip
| Device       : xc7z007sclg400-1
------------------------------------------------------------------------------------

Upgrade Log for IP 'design_1_vga_bram_0_0'

1. Summary
----------

SUCCESS in the conversion of design_1_vga_bram_0_0 (xilinx.com:user:vga_bram:1.0 (Rev. 1)) to Vivado generation flows.

